# JRE version: Java(TM) SE Runtime Environment (8.0_161-b12) (build 1.8.0_161-b12)
# Java VM: Java HotSpot(TM) 64-Bit Server VM (25.161-b12 mixed mode linux-amd64 compressed oops)
Heap:
 PSYoungGen      total 333312K, used 296136K [0x00000000d6f00000, 0x00000000f1500000, 0x0000000100000000)
  eden space 296960K, 91% used [0x00000000d6f00000,0x00000000e7847300,0x00000000e9100000)
  from space 36352K, 67% used [0x00000000e9100000,0x00000000ea8eb030,0x00000000eb480000)
  to   space 37376K, 0% used [0x00000000ef080000,0x00000000ef080000,0x00000000f1500000)
 ParOldGen       total 142336K, used 52679K [0x0000000084c00000, 0x000000008d700000, 0x00000000d6f00000)
  object space 142336K, 37% used [0x0000000084c00000,0x0000000087f71da8,0x000000008d700000)
 Metaspace       used 28292K, capacity 28654K, committed 28800K, reserved 1075200K
  class space    used 3264K, capacity 3369K, committed 3456K, reserved 1048576K
GC Heap History (10 events):
Event: 19,485 GC heap before
{Heap before GC invocations=11 (full 1):
 PSYoungGen      total 258560K, used 255150K [0x00000000d6f00000, 0x00000000e9880000, 0x0000000100000000)
  eden space 243200K, 98% used [0x00000000d6f00000,0x00000000e5932958,0x00000000e5c80000)
  from space 15360K, 99% used [0x00000000e5e80000,0x00000000e6d79040,0x00000000e6d80000)
  to   space 30720K, 0% used [0x00000000e7a80000,0x00000000e7a80000,0x00000000e9880000)
 ParOldGen       total 75264K, used 56442K [0x0000000084c00000, 0x0000000089580000, 0x00000000d6f00000)
  object space 75264K, 74% used [0x0000000084c00000,0x000000008831e9e8,0x0000000089580000)
 Metaspace       used 27790K, capacity 28142K, committed 28288K, reserved 1075200K
  class space    used 3254K, capacity 3369K, committed 3456K, reserved 1048576K
Event: 19,513 GC heap after
Heap after GC invocations=11 (full 1):
 PSYoungGen      total 271360K, used 24132K [0x00000000d6f00000, 0x00000000eda80000, 0x0000000100000000)
  eden space 240640K, 0% used [0x00000000d6f00000,0x00000000d6f00000,0x00000000e5a00000)
  from space 30720K, 78% used [0x00000000e7a80000,0x00000000e9211350,0x00000000e9880000)
  to   space 33280K, 0% used [0x00000000e5a00000,0x00000000e5a00000,0x00000000e7a80000)
 ParOldGen       total 75264K, used 72650K [0x0000000084c00000, 0x0000000089580000, 0x00000000d6f00000)
  object space 75264K, 96% used [0x0000000084c00000,0x00000000892f2a08,0x0000000089580000)
 Metaspace       used 27790K, capacity 28142K, committed 28288K, reserved 1075200K
  class space    used 3254K, capacity 3369K, committed 3456K, reserved 1048576K
}
Event: 19,513 GC heap before
{Heap before GC invocations=12 (full 2):
 PSYoungGen      total 271360K, used 24132K [0x00000000d6f00000, 0x00000000eda80000, 0x0000000100000000)
  eden space 240640K, 0% used [0x00000000d6f00000,0x00000000d6f00000,0x00000000e5a00000)
  from space 30720K, 78% used [0x00000000e7a80000,0x00000000e9211350,0x00000000e9880000)
  to   space 33280K, 0% used [0x00000000e5a00000,0x00000000e5a00000,0x00000000e7a80000)
 ParOldGen       total 75264K, used 72650K [0x0000000084c00000, 0x0000000089580000, 0x00000000d6f00000)
  object space 75264K, 96% used [0x0000000084c00000,0x00000000892f2a08,0x0000000089580000)
 Metaspace       used 27790K, capacity 28142K, committed 28288K, reserved 1075200K
  class space    used 3254K, capacity 3369K, committed 3456K, reserved 1048576K
Event: 19,627 GC heap after
Heap after GC invocations=12 (full 2):
 PSYoungGen      total 271360K, used 0K [0x00000000d6f00000, 0x00000000eda80000, 0x0000000100000000)
  eden space 240640K, 0% used [0x00000000d6f00000,0x00000000d6f00000,0x00000000e5a00000)
  from space 30720K, 0% used [0x00000000e7a80000,0x00000000e7a80000,0x00000000e9880000)
  to   space 33280K, 0% used [0x00000000e5a00000,0x00000000e5a00000,0x00000000e7a80000)
 ParOldGen       total 142336K, used 52655K [0x0000000084c00000, 0x000000008d700000, 0x00000000d6f00000)
  object space 142336K, 36% used [0x0000000084c00000,0x0000000087f6bda8,0x000000008d700000)
 Metaspace       used 27790K, capacity 28142K, committed 28288K, reserved 1075200K
  class space    used 3254K, capacity 3369K, committed 3456K, reserved 1048576K
}
Event: 24,149 GC heap before
{Heap before GC invocations=13 (full 2):
 PSYoungGen      total 271360K, used 236495K [0x00000000d6f00000, 0x00000000eda80000, 0x0000000100000000)
  eden space 240640K, 98% used [0x00000000d6f00000,0x00000000e55f3dc8,0x00000000e5a00000)
  from space 30720K, 0% used [0x00000000e7a80000,0x00000000e7a80000,0x00000000e9880000)
  to   space 33280K, 0% used [0x00000000e5a00000,0x00000000e5a00000,0x00000000e7a80000)
 ParOldGen       total 142336K, used 52655K [0x0000000084c00000, 0x000000008d700000, 0x00000000d6f00000)
  object space 142336K, 36% used [0x0000000084c00000,0x0000000087f6bda8,0x000000008d700000)
 Metaspace       used 28004K, capacity 28334K, committed 28544K, reserved 1075200K
  class space    used 3254K, capacity 3369K, committed 3456K, reserved 1048576K
Event: 24,157 GC heap after
Heap after GC invocations=13 (full 2):
 PSYoungGen      total 273920K, used 24428K [0x00000000d6f00000, 0x00000000edd00000, 0x0000000100000000)
  eden space 240640K, 0% used [0x00000000d6f00000,0x00000000d6f00000,0x00000000e5a00000)
  from space 33280K, 73% used [0x00000000e5a00000,0x00000000e71db030,0x00000000e7a80000)
  to   space 34816K, 0% used [0x00000000ebb00000,0x00000000ebb00000,0x00000000edd00000)
 ParOldGen       total 142336K, used 52663K [0x0000000084c00000, 0x000000008d700000, 0x00000000d6f00000)
  object space 142336K, 36% used [0x0000000084c00000,0x0000000087f6dda8,0x000000008d700000)
 Metaspace       used 28004K, capacity 28334K, committed 28544K, reserved 1075200K
  class space    used 3254K, capacity 3369K, committed 3456K, reserved 1048576K
}
Event: 28,371 GC heap before
{Heap before GC invocations=14 (full 2):
 PSYoungGen      total 273920K, used 257685K [0x00000000d6f00000, 0x00000000edd00000, 0x0000000100000000)
  eden space 240640K, 96% used [0x00000000d6f00000,0x00000000e52ca450,0x00000000e5a00000)
  from space 33280K, 73% used [0x00000000e5a00000,0x00000000e71db030,0x00000000e7a80000)
  to   space 34816K, 0% used [0x00000000ebb00000,0x00000000ebb00000,0x00000000edd00000)
 ParOldGen       total 142336K, used 52663K [0x0000000084c00000, 0x000000008d700000, 0x00000000d6f00000)
  object space 142336K, 36% used [0x0000000084c00000,0x0000000087f6dda8,0x000000008d700000)
 Metaspace       used 28069K, capacity 28398K, committed 28544K, reserved 1075200K
  class space    used 3254K, capacity 3369K, committed 3456K, reserved 1048576K
Event: 28,379 GC heap after
Heap after GC invocations=14 (full 2):
 PSYoungGen      total 326656K, used 24492K [0x00000000d6f00000, 0x00000000ed800000, 0x0000000100000000)
  eden space 296960K, 0% used [0x00000000d6f00000,0x00000000d6f00000,0x00000000e9100000)
  from space 29696K, 82% used [0x00000000ebb00000,0x00000000ed2eb030,0x00000000ed800000)
  to   space 36352K, 0% used [0x00000000e9100000,0x00000000e9100000,0x00000000eb480000)
 ParOldGen       total 142336K, used 52671K [0x0000000084c00000, 0x000000008d700000, 0x00000000d6f00000)
  object space 142336K, 37% used [0x0000000084c00000,0x0000000087f6fda8,0x000000008d700000)
 Metaspace       used 28069K, capacity 28398K, committed 28544K, reserved 1075200K
  class space    used 3254K, capacity 3369K, committed 3456K, reserved 1048576K
}
Event: 34,083 GC heap before
{Heap before GC invocations=15 (full 2):
 PSYoungGen      total 326656K, used 320048K [0x00000000d6f00000, 0x00000000ed800000, 0x0000000100000000)
  eden space 296960K, 99% used [0x00000000d6f00000,0x00000000e8fa13c0,0x00000000e9100000)
  from space 29696K, 82% used [0x00000000ebb00000,0x00000000ed2eb030,0x00000000ed800000)
  to   space 36352K, 0% used [0x00000000e9100000,0x00000000e9100000,0x00000000eb480000)
 ParOldGen       total 142336K, used 52671K [0x0000000084c00000, 0x000000008d700000, 0x00000000d6f00000)
  object space 142336K, 37% used [0x0000000084c00000,0x0000000087f6fda8,0x000000008d700000)
 Metaspace       used 28224K, capacity 28526K, committed 28800K, reserved 1075200K
  class space    used 3254K, capacity 3369K, committed 3456K, reserved 1048576K
Event: 34,091 GC heap after
Heap after GC invocations=15 (full 2):
 PSYoungGen      total 333312K, used 24492K [0x00000000d6f00000, 0x00000000f1500000, 0x0000000100000000)
  eden space 296960K, 0% used [0x00000000d6f00000,0x00000000d6f00000,0x00000000e9100000)
  from space 36352K, 67% used [0x00000000e9100000,0x00000000ea8eb030,0x00000000eb480000)
  to   space 37376K, 0% used [0x00000000ef080000,0x00000000ef080000,0x00000000f1500000)
 ParOldGen       total 142336K, used 52679K [0x0000000084c00000, 0x000000008d700000, 0x00000000d6f00000)
  object space 142336K, 37% used [0x0000000084c00000,0x0000000087f71da8,0x000000008d700000)
 Metaspace       used 28224K, capacity 28526K, committed 28800K, reserved 1075200K
  class space    used 3254K, capacity 3369K, committed 3456K, reserved 1048576K
}

