# JRE version: Java(TM) SE Runtime Environment (8.0_161-b12) (build 1.8.0_161-b12)
# Java VM: Java HotSpot(TM) 64-Bit Server VM (25.161-b12 mixed mode linux-amd64 compressed oops)
Heap:
 PSYoungGen      total 376832K, used 297262K [0x00000000d6f00000, 0x00000000f0b80000, 0x0000000100000000)
  eden space 344576K, 79% used [0x00000000d6f00000,0x00000000e78f4a08,0x00000000ebf80000)
  from space 32256K, 77% used [0x00000000eec00000,0x00000000f0457040,0x00000000f0b80000)
  to   space 38912K, 0% used [0x00000000ebf80000,0x00000000ebf80000,0x00000000ee580000)
 ParOldGen       total 141824K, used 54544K [0x0000000084c00000, 0x000000008d680000, 0x00000000d6f00000)
  object space 141824K, 38% used [0x0000000084c00000,0x00000000881443a0,0x000000008d680000)
 Metaspace       used 28560K, capacity 28878K, committed 29056K, reserved 1075200K
  class space    used 3268K, capacity 3401K, committed 3456K, reserved 1048576K
GC Heap History (10 events):
Event: 45,041 GC heap before
{Heap before GC invocations=12 (full 2):
 PSYoungGen      total 252928K, used 236436K [0x00000000d6f00000, 0x00000000e9680000, 0x0000000100000000)
  eden space 238080K, 99% used [0x00000000d6f00000,0x00000000e55e5170,0x00000000e5780000)
  from space 14848K, 0% used [0x00000000e6000000,0x00000000e6000000,0x00000000e6e80000)
  to   space 32256K, 0% used [0x00000000e7700000,0x00000000e7700000,0x00000000e9680000)
 ParOldGen       total 141824K, used 54504K [0x0000000084c00000, 0x000000008d680000, 0x00000000d6f00000)
  object space 141824K, 38% used [0x0000000084c00000,0x000000008813a3a0,0x000000008d680000)
 Metaspace       used 27457K, capacity 27822K, committed 28032K, reserved 1073152K
  class space    used 3241K, capacity 3369K, committed 3456K, reserved 1048576K
Event: 45,056 GC heap after
Heap after GC invocations=12 (full 2):
 PSYoungGen      total 268288K, used 24428K [0x00000000d6f00000, 0x00000000ee080000, 0x0000000100000000)
  eden space 236032K, 0% used [0x00000000d6f00000,0x00000000d6f00000,0x00000000e5580000)
  from space 32256K, 75% used [0x00000000e7700000,0x00000000e8edb030,0x00000000e9680000)
  to   space 34304K, 0% used [0x00000000e5580000,0x00000000e5580000,0x00000000e7700000)
 ParOldGen       total 141824K, used 54512K [0x0000000084c00000, 0x000000008d680000, 0x00000000d6f00000)
  object space 141824K, 38% used [0x0000000084c00000,0x000000008813c3a0,0x000000008d680000)
 Metaspace       used 27457K, capacity 27822K, committed 28032K, reserved 1073152K
  class space    used 3241K, capacity 3369K, committed 3456K, reserved 1048576K
}
Event: 50,196 GC heap before
{Heap before GC invocations=13 (full 2):
 PSYoungGen      total 268288K, used 252809K [0x00000000d6f00000, 0x00000000ee080000, 0x0000000100000000)
  eden space 236032K, 96% used [0x00000000d6f00000,0x00000000e4e07728,0x00000000e5580000)
  from space 32256K, 75% used [0x00000000e7700000,0x00000000e8edb030,0x00000000e9680000)
  to   space 34304K, 0% used [0x00000000e5580000,0x00000000e5580000,0x00000000e7700000)
 ParOldGen       total 141824K, used 54512K [0x0000000084c00000, 0x000000008d680000, 0x00000000d6f00000)
  object space 141824K, 38% used [0x0000000084c00000,0x000000008813c3a0,0x000000008d680000)
 Metaspace       used 27863K, capacity 28206K, committed 28544K, reserved 1075200K
  class space    used 3258K, capacity 3369K, committed 3456K, reserved 1048576K
Event: 50,207 GC heap after
Heap after GC invocations=13 (full 2):
 PSYoungGen      total 270336K, used 24952K [0x00000000d6f00000, 0x00000000ed980000, 0x0000000100000000)
  eden space 236032K, 0% used [0x00000000d6f00000,0x00000000d6f00000,0x00000000e5580000)
  from space 34304K, 72% used [0x00000000e5580000,0x00000000e6dde330,0x00000000e7700000)
  to   space 36352K, 0% used [0x00000000eb600000,0x00000000eb600000,0x00000000ed980000)
 ParOldGen       total 141824K, used 54520K [0x0000000084c00000, 0x000000008d680000, 0x00000000d6f00000)
  object space 141824K, 38% used [0x0000000084c00000,0x000000008813e3a0,0x000000008d680000)
 Metaspace       used 27863K, capacity 28206K, committed 28544K, reserved 1075200K
  class space    used 3258K, capacity 3369K, committed 3456K, reserved 1048576K
}
Event: 55,480 GC heap before
{Heap before GC invocations=14 (full 2):
 PSYoungGen      total 270336K, used 254808K [0x00000000d6f00000, 0x00000000ed980000, 0x0000000100000000)
  eden space 236032K, 97% used [0x00000000d6f00000,0x00000000e4f77fd8,0x00000000e5580000)
  from space 34304K, 72% used [0x00000000e5580000,0x00000000e6dde330,0x00000000e7700000)
  to   space 36352K, 0% used [0x00000000eb600000,0x00000000eb600000,0x00000000ed980000)
 ParOldGen       total 141824K, used 54520K [0x0000000084c00000, 0x000000008d680000, 0x00000000d6f00000)
  object space 141824K, 38% used [0x0000000084c00000,0x000000008813e3a0,0x000000008d680000)
 Metaspace       used 28108K, capacity 28462K, committed 28800K, reserved 1075200K
  class space    used 3258K, capacity 3369K, committed 3456K, reserved 1048576K
Event: 55,497 GC heap after
Heap after GC invocations=14 (full 2):
 PSYoungGen      total 323584K, used 24876K [0x00000000d6f00000, 0x00000000ed500000, 0x0000000100000000)
  eden space 291840K, 0% used [0x00000000d6f00000,0x00000000d6f00000,0x00000000e8c00000)
  from space 31744K, 78% used [0x00000000eb600000,0x00000000ece4b030,0x00000000ed500000)
  to   space 37376K, 0% used [0x00000000e8c00000,0x00000000e8c00000,0x00000000eb080000)
 ParOldGen       total 141824K, used 54528K [0x0000000084c00000, 0x000000008d680000, 0x00000000d6f00000)
  object space 141824K, 38% used [0x0000000084c00000,0x00000000881403a0,0x000000008d680000)
 Metaspace       used 28108K, capacity 28462K, committed 28800K, reserved 1075200K
  class space    used 3258K, capacity 3369K, committed 3456K, reserved 1048576K
}
Event: 61,907 GC heap before
{Heap before GC invocations=15 (full 2):
 PSYoungGen      total 323584K, used 315016K [0x00000000d6f00000, 0x00000000ed500000, 0x0000000100000000)
  eden space 291840K, 99% used [0x00000000d6f00000,0x00000000e8a57098,0x00000000e8c00000)
  from space 31744K, 78% used [0x00000000eb600000,0x00000000ece4b030,0x00000000ed500000)
  to   space 37376K, 0% used [0x00000000e8c00000,0x00000000e8c00000,0x00000000eb080000)
 ParOldGen       total 141824K, used 54528K [0x0000000084c00000, 0x000000008d680000, 0x00000000d6f00000)
  object space 141824K, 38% used [0x0000000084c00000,0x00000000881403a0,0x000000008d680000)
 Metaspace       used 28324K, capacity 28654K, committed 29056K, reserved 1075200K
  class space    used 3258K, capacity 3369K, committed 3456K, reserved 1048576K
Event: 61,920 GC heap after
Heap after GC invocations=15 (full 2):
 PSYoungGen      total 329216K, used 24908K [0x00000000d6f00000, 0x00000000f1180000, 0x0000000100000000)
  eden space 291840K, 0% used [0x00000000d6f00000,0x00000000d6f00000,0x00000000e8c00000)
  from space 37376K, 66% used [0x00000000e8c00000,0x00000000ea453030,0x00000000eb080000)
  to   space 38400K, 0% used [0x00000000eec00000,0x00000000eec00000,0x00000000f1180000)
 ParOldGen       total 141824K, used 54536K [0x0000000084c00000, 0x000000008d680000, 0x00000000d6f00000)
  object space 141824K, 38% used [0x0000000084c00000,0x00000000881423a0,0x000000008d680000)
 Metaspace       used 28324K, capacity 28654K, committed 29056K, reserved 1075200K
  class space    used 3258K, capacity 3369K, committed 3456K, reserved 1048576K
}
Event: 67,991 GC heap before
{Heap before GC invocations=16 (full 2):
 PSYoungGen      total 329216K, used 309656K [0x00000000d6f00000, 0x00000000f1180000, 0x0000000100000000)
  eden space 291840K, 97% used [0x00000000d6f00000,0x00000000e8513168,0x00000000e8c00000)
  from space 37376K, 66% used [0x00000000e8c00000,0x00000000ea453030,0x00000000eb080000)
  to   space 38400K, 0% used [0x00000000eec00000,0x00000000eec00000,0x00000000f1180000)
 ParOldGen       total 141824K, used 54536K [0x0000000084c00000, 0x000000008d680000, 0x00000000d6f00000)
  object space 141824K, 38% used [0x0000000084c00000,0x00000000881423a0,0x000000008d680000)
 Metaspace       used 28371K, capacity 28718K, committed 29056K, reserved 1075200K
  class space    used 3258K, capacity 3369K, committed 3456K, reserved 1048576K
Event: 68,005 GC heap after
Heap after GC invocations=16 (full 2):
 PSYoungGen      total 376832K, used 24924K [0x00000000d6f00000, 0x00000000f0b80000, 0x0000000100000000)
  eden space 344576K, 0% used [0x00000000d6f00000,0x00000000d6f00000,0x00000000ebf80000)
  from space 32256K, 77% used [0x00000000eec00000,0x00000000f0457040,0x00000000f0b80000)
  to   space 38912K, 0% used [0x00000000ebf80000,0x00000000ebf80000,0x00000000ee580000)
 ParOldGen       total 141824K, used 54544K [0x0000000084c00000, 0x000000008d680000, 0x00000000d6f00000)
  object space 141824K, 38% used [0x0000000084c00000,0x00000000881443a0,0x000000008d680000)
 Metaspace       used 28371K, capacity 28718K, committed 29056K, reserved 1075200K
  class space    used 3258K, capacity 3369K, committed 3456K, reserved 1048576K
}

