# JRE version: Java(TM) SE Runtime Environment (8.0_161-b12) (build 1.8.0_161-b12)
# Java VM: Java HotSpot(TM) 64-Bit Server VM (25.161-b12 mixed mode linux-amd64 compressed oops)
Heap:
 PSYoungGen      total 468480K, used 151883K [0x00000000d6f00000, 0x00000000f6600000, 0x0000000100000000)
  eden space 429056K, 27% used [0x00000000d6f00000,0x00000000de2f3910,0x00000000f1200000)
  from space 39424K, 84% used [0x00000000f3e00000,0x00000000f5e5f440,0x00000000f6480000)
  to   space 43008K, 0% used [0x00000000f1200000,0x00000000f1200000,0x00000000f3c00000)
 ParOldGen       total 158208K, used 97467K [0x0000000084c00000, 0x000000008e680000, 0x00000000d6f00000)
  object space 158208K, 61% used [0x0000000084c00000,0x000000008ab2ed00,0x000000008e680000)
 Metaspace       used 28674K, capacity 29038K, committed 29312K, reserved 1075200K
  class space    used 3333K, capacity 3433K, committed 3456K, reserved 1048576K
GC Heap History (10 events):
Event: 13,691 GC heap before
{Heap before GC invocations=8 (full 1):
 PSYoungGen      total 269312K, used 250460K [0x00000000d6f00000, 0x00000000e8700000, 0x0000000100000000)
  eden space 253952K, 98% used [0x00000000d6f00000,0x00000000e6397330,0x00000000e6700000)
  from space 15360K, 0% used [0x00000000e7800000,0x00000000e7800000,0x00000000e8700000)
  to   space 16384K, 0% used [0x00000000e6700000,0x00000000e6700000,0x00000000e7700000)
 ParOldGen       total 82432K, used 21499K [0x0000000084c00000, 0x0000000089c80000, 0x00000000d6f00000)
  object space 82432K, 26% used [0x0000000084c00000,0x00000000860fee40,0x0000000089c80000)
 Metaspace       used 27379K, capacity 27730K, committed 28032K, reserved 1073152K
  class space    used 3240K, capacity 3365K, committed 3456K, reserved 1048576K
Event: 13,724 GC heap after
Heap after GC invocations=8 (full 1):
 PSYoungGen      total 270336K, used 16356K [0x00000000d6f00000, 0x00000000f1300000, 0x0000000100000000)
  eden space 253952K, 0% used [0x00000000d6f00000,0x00000000d6f00000,0x00000000e6700000)
  from space 16384K, 99% used [0x00000000e6700000,0x00000000e76f9040,0x00000000e7700000)
  to   space 36864K, 0% used [0x00000000eef00000,0x00000000eef00000,0x00000000f1300000)
 ParOldGen       total 82432K, used 57081K [0x0000000084c00000, 0x0000000089c80000, 0x00000000d6f00000)
  object space 82432K, 69% used [0x0000000084c00000,0x00000000883be658,0x0000000089c80000)
 Metaspace       used 27379K, capacity 27730K, committed 28032K, reserved 1073152K
  class space    used 3240K, capacity 3365K, committed 3456K, reserved 1048576K
}
Event: 13,724 GC heap before
{Heap before GC invocations=9 (full 2):
 PSYoungGen      total 270336K, used 16356K [0x00000000d6f00000, 0x00000000f1300000, 0x0000000100000000)
  eden space 253952K, 0% used [0x00000000d6f00000,0x00000000d6f00000,0x00000000e6700000)
  from space 16384K, 99% used [0x00000000e6700000,0x00000000e76f9040,0x00000000e7700000)
  to   space 36864K, 0% used [0x00000000eef00000,0x00000000eef00000,0x00000000f1300000)
 ParOldGen       total 82432K, used 57081K [0x0000000084c00000, 0x0000000089c80000, 0x00000000d6f00000)
  object space 82432K, 69% used [0x0000000084c00000,0x00000000883be658,0x0000000089c80000)
 Metaspace       used 27379K, capacity 27730K, committed 28032K, reserved 1073152K
  class space    used 3240K, capacity 3365K, committed 3456K, reserved 1048576K
Event: 13,817 GC heap after
Heap after GC invocations=9 (full 2):
 PSYoungGen      total 270336K, used 0K [0x00000000d6f00000, 0x00000000f1300000, 0x0000000100000000)
  eden space 253952K, 0% used [0x00000000d6f00000,0x00000000d6f00000,0x00000000e6700000)
  from space 16384K, 0% used [0x00000000e6700000,0x00000000e6700000,0x00000000e7700000)
  to   space 36864K, 0% used [0x00000000eef00000,0x00000000eef00000,0x00000000f1300000)
 ParOldGen       total 158208K, used 56943K [0x0000000084c00000, 0x000000008e680000, 0x00000000d6f00000)
  object space 158208K, 35% used [0x0000000084c00000,0x000000008839bcd0,0x000000008e680000)
 Metaspace       used 27379K, capacity 27730K, committed 28032K, reserved 1073152K
  class space    used 3240K, capacity 3365K, committed 3456K, reserved 1048576K
}
Event: 19,395 GC heap before
{Heap before GC invocations=10 (full 2):
 PSYoungGen      total 270336K, used 252367K [0x00000000d6f00000, 0x00000000f1300000, 0x0000000100000000)
  eden space 253952K, 99% used [0x00000000d6f00000,0x00000000e6573f98,0x00000000e6700000)
  from space 16384K, 0% used [0x00000000e6700000,0x00000000e6700000,0x00000000e7700000)
  to   space 36864K, 0% used [0x00000000eef00000,0x00000000eef00000,0x00000000f1300000)
 ParOldGen       total 158208K, used 56943K [0x0000000084c00000, 0x000000008e680000, 0x00000000d6f00000)
  object space 158208K, 35% used [0x0000000084c00000,0x000000008839bcd0,0x000000008e680000)
 Metaspace       used 27785K, capacity 28074K, committed 28288K, reserved 1075200K
  class space    used 3259K, capacity 3369K, committed 3456K, reserved 1048576K
Event: 19,408 GC heap after
Heap after GC invocations=10 (full 2):
 PSYoungGen      total 391680K, used 25018K [0x00000000d6f00000, 0x00000000f1b80000, 0x0000000100000000)
  eden space 354816K, 0% used [0x00000000d6f00000,0x00000000d6f00000,0x00000000ec980000)
  from space 36864K, 67% used [0x00000000eef00000,0x00000000f076eb78,0x00000000f1300000)
  to   space 38400K, 0% used [0x00000000ec980000,0x00000000ec980000,0x00000000eef00000)
 ParOldGen       total 158208K, used 56951K [0x0000000084c00000, 0x000000008e680000, 0x00000000d6f00000)
  object space 158208K, 35% used [0x0000000084c00000,0x000000008839dcd0,0x000000008e680000)
 Metaspace       used 27785K, capacity 28074K, committed 28288K, reserved 1075200K
  class space    used 3259K, capacity 3369K, committed 3456K, reserved 1048576K
}
Event: 26,826 GC heap before
{Heap before GC invocations=11 (full 2):
 PSYoungGen      total 391680K, used 371832K [0x00000000d6f00000, 0x00000000f1b80000, 0x0000000100000000)
  eden space 354816K, 97% used [0x00000000d6f00000,0x00000000ec1af6a8,0x00000000ec980000)
  from space 36864K, 67% used [0x00000000eef00000,0x00000000f076eb78,0x00000000f1300000)
  to   space 38400K, 0% used [0x00000000ec980000,0x00000000ec980000,0x00000000eef00000)
 ParOldGen       total 158208K, used 56951K [0x0000000084c00000, 0x000000008e680000, 0x00000000d6f00000)
  object space 158208K, 35% used [0x0000000084c00000,0x000000008839dcd0,0x000000008e680000)
 Metaspace       used 28088K, capacity 28398K, committed 28544K, reserved 1075200K
  class space    used 3266K, capacity 3369K, committed 3456K, reserved 1048576K
Event: 26,851 GC heap after
Heap after GC invocations=11 (full 2):
 PSYoungGen      total 393216K, used 24876K [0x00000000d6f00000, 0x00000000f6480000, 0x0000000100000000)
  eden space 354816K, 0% used [0x00000000d6f00000,0x00000000d6f00000,0x00000000ec980000)
  from space 38400K, 64% used [0x00000000ec980000,0x00000000ee1cb030,0x00000000eef00000)
  to   space 39424K, 0% used [0x00000000f3e00000,0x00000000f3e00000,0x00000000f6480000)
 ParOldGen       total 158208K, used 56959K [0x0000000084c00000, 0x000000008e680000, 0x00000000d6f00000)
  object space 158208K, 36% used [0x0000000084c00000,0x000000008839fcd0,0x000000008e680000)
 Metaspace       used 28088K, capacity 28398K, committed 28544K, reserved 1075200K
  class space    used 3266K, capacity 3369K, committed 3456K, reserved 1048576K
}
Event: 33,910 GC heap before
{Heap before GC invocations=12 (full 2):
 PSYoungGen      total 393216K, used 376228K [0x00000000d6f00000, 0x00000000f6480000, 0x0000000100000000)
  eden space 354816K, 99% used [0x00000000d6f00000,0x00000000ec61e060,0x00000000ec980000)
  from space 38400K, 64% used [0x00000000ec980000,0x00000000ee1cb030,0x00000000eef00000)
  to   space 39424K, 0% used [0x00000000f3e00000,0x00000000f3e00000,0x00000000f6480000)
 ParOldGen       total 158208K, used 65059K [0x0000000084c00000, 0x000000008e680000, 0x00000000d6f00000)
  object space 158208K, 41% used [0x0000000084c00000,0x0000000088b88ce0,0x000000008e680000)
 Metaspace       used 28520K, capacity 28846K, committed 29056K, reserved 1075200K
  class space    used 3310K, capacity 3433K, committed 3456K, reserved 1048576K
Event: 33,955 GC heap after
Heap after GC invocations=12 (full 2):
 PSYoungGen      total 468480K, used 33149K [0x00000000d6f00000, 0x00000000f6600000, 0x0000000100000000)
  eden space 429056K, 0% used [0x00000000d6f00000,0x00000000d6f00000,0x00000000f1200000)
  from space 39424K, 84% used [0x00000000f3e00000,0x00000000f5e5f440,0x00000000f6480000)
  to   space 43008K, 0% used [0x00000000f1200000,0x00000000f1200000,0x00000000f3c00000)
 ParOldGen       total 158208K, used 97467K [0x0000000084c00000, 0x000000008e680000, 0x00000000d6f00000)
  object space 158208K, 61% used [0x0000000084c00000,0x000000008ab2ed00,0x000000008e680000)
 Metaspace       used 28520K, capacity 28846K, committed 29056K, reserved 1075200K
  class space    used 3310K, capacity 3433K, committed 3456K, reserved 1048576K
}

