# JRE version: Java(TM) SE Runtime Environment (8.0_161-b12) (build 1.8.0_161-b12)
# Java VM: Java HotSpot(TM) 64-Bit Server VM (25.161-b12 mixed mode linux-amd64 compressed oops)
Heap:
 PSYoungGen      total 584704K, used 55759K [0x00000000d6f00000, 0x0000000100000000, 0x0000000100000000)
  eden space 539648K, 4% used [0x00000000d6f00000,0x00000000d8924790,0x00000000f7e00000)
  from space 45056K, 64% used [0x00000000f7e00000,0x00000000f9a4f530,0x00000000faa00000)
  to   space 45568K, 0% used [0x00000000fd380000,0x00000000fd380000,0x0000000100000000)
 ParOldGen       total 148480K, used 56103K [0x0000000084c00000, 0x000000008dd00000, 0x00000000d6f00000)
  object space 148480K, 37% used [0x0000000084c00000,0x00000000882c9f68,0x000000008dd00000)
 Metaspace       used 28364K, capacity 28698K, committed 28800K, reserved 1075200K
  class space    used 3275K, capacity 3403K, committed 3456K, reserved 1048576K
GC Heap History (10 events):
Event: 30,257 GC heap before
{Heap before GC invocations=11 (full 2):
 PSYoungGen      total 409088K, used 399785K [0x00000000d6f00000, 0x00000000f2b00000, 0x0000000100000000)
  eden space 378880K, 98% used [0x00000000d6f00000,0x00000000edd0f5b0,0x00000000ee100000)
  from space 30208K, 82% used [0x00000000f0d80000,0x00000000f25db040,0x00000000f2b00000)
  to   space 37888K, 0% used [0x00000000ee100000,0x00000000ee100000,0x00000000f0600000)
 ParOldGen       total 148480K, used 56071K [0x0000000084c00000, 0x000000008dd00000, 0x00000000d6f00000)
  object space 148480K, 37% used [0x0000000084c00000,0x00000000882c1f68,0x000000008dd00000)
 Metaspace       used 27884K, capacity 28206K, committed 28544K, reserved 1075200K
  class space    used 3259K, capacity 3369K, committed 3456K, reserved 1048576K
Event: 30,284 GC heap after
Heap after GC invocations=11 (full 2):
 PSYoungGen      total 416768K, used 30156K [0x00000000d6f00000, 0x00000000f9300000, 0x0000000100000000)
  eden space 378880K, 0% used [0x00000000d6f00000,0x00000000d6f00000,0x00000000ee100000)
  from space 37888K, 79% used [0x00000000ee100000,0x00000000efe73060,0x00000000f0600000)
  to   space 41472K, 0% used [0x00000000f6a80000,0x00000000f6a80000,0x00000000f9300000)
 ParOldGen       total 148480K, used 56071K [0x0000000084c00000, 0x000000008dd00000, 0x00000000d6f00000)
  object space 148480K, 37% used [0x0000000084c00000,0x00000000882c1f68,0x000000008dd00000)
 Metaspace       used 27884K, capacity 28206K, committed 28544K, reserved 1075200K
  class space    used 3259K, capacity 3369K, committed 3456K, reserved 1048576K
}
Event: 38,768 GC heap before
{Heap before GC invocations=12 (full 2):
 PSYoungGen      total 416768K, used 407477K [0x00000000d6f00000, 0x00000000f9300000, 0x0000000100000000)
  eden space 378880K, 99% used [0x00000000d6f00000,0x00000000edf7a698,0x00000000ee100000)
  from space 37888K, 79% used [0x00000000ee100000,0x00000000efe73060,0x00000000f0600000)
  to   space 41472K, 0% used [0x00000000f6a80000,0x00000000f6a80000,0x00000000f9300000)
 ParOldGen       total 148480K, used 56071K [0x0000000084c00000, 0x000000008dd00000, 0x00000000d6f00000)
  object space 148480K, 37% used [0x0000000084c00000,0x00000000882c1f68,0x000000008dd00000)
 Metaspace       used 28068K, capacity 28462K, committed 28800K, reserved 1075200K
  class space    used 3263K, capacity 3369K, committed 3456K, reserved 1048576K
Event: 38,778 GC heap after
Heap after GC invocations=12 (full 2):
 PSYoungGen      total 495104K, used 28734K [0x00000000d6f00000, 0x00000000f8880000, 0x0000000100000000)
  eden space 464384K, 0% used [0x00000000d6f00000,0x00000000d6f00000,0x00000000f3480000)
  from space 30720K, 93% used [0x00000000f6a80000,0x00000000f868f820,0x00000000f8880000)
  to   space 43008K, 0% used [0x00000000f3480000,0x00000000f3480000,0x00000000f5e80000)
 ParOldGen       total 148480K, used 56079K [0x0000000084c00000, 0x000000008dd00000, 0x00000000d6f00000)
  object space 148480K, 37% used [0x0000000084c00000,0x00000000882c3f68,0x000000008dd00000)
 Metaspace       used 28068K, capacity 28462K, committed 28800K, reserved 1075200K
  class space    used 3263K, capacity 3369K, committed 3456K, reserved 1048576K
}
Event: 48,790 GC heap before
{Heap before GC invocations=13 (full 2):
 PSYoungGen      total 495104K, used 491694K [0x00000000d6f00000, 0x00000000f8880000, 0x0000000100000000)
  eden space 464384K, 99% used [0x00000000d6f00000,0x00000000f331c088,0x00000000f3480000)
  from space 30720K, 93% used [0x00000000f6a80000,0x00000000f868f820,0x00000000f8880000)
  to   space 43008K, 0% used [0x00000000f3480000,0x00000000f3480000,0x00000000f5e80000)
 ParOldGen       total 148480K, used 56079K [0x0000000084c00000, 0x000000008dd00000, 0x00000000d6f00000)
  object space 148480K, 37% used [0x0000000084c00000,0x00000000882c3f68,0x000000008dd00000)
 Metaspace       used 28113K, capacity 28462K, committed 28800K, reserved 1075200K
  class space    used 3263K, capacity 3369K, committed 3456K, reserved 1048576K
Event: 48,802 GC heap after
Heap after GC invocations=13 (full 2):
 PSYoungGen      total 507392K, used 28748K [0x00000000d6f00000, 0x00000000fe180000, 0x0000000100000000)
  eden space 464384K, 0% used [0x00000000d6f00000,0x00000000d6f00000,0x00000000f3480000)
  from space 43008K, 66% used [0x00000000f3480000,0x00000000f5093040,0x00000000f5e80000)
  to   space 44032K, 0% used [0x00000000fb680000,0x00000000fb680000,0x00000000fe180000)
 ParOldGen       total 148480K, used 56087K [0x0000000084c00000, 0x000000008dd00000, 0x00000000d6f00000)
  object space 148480K, 37% used [0x0000000084c00000,0x00000000882c5f68,0x000000008dd00000)
 Metaspace       used 28113K, capacity 28462K, committed 28800K, reserved 1075200K
  class space    used 3263K, capacity 3369K, committed 3456K, reserved 1048576K
}
Event: 57,553 GC heap before
{Heap before GC invocations=14 (full 2):
 PSYoungGen      total 507392K, used 488423K [0x00000000d6f00000, 0x00000000fe180000, 0x0000000100000000)
  eden space 464384K, 98% used [0x00000000d6f00000,0x00000000f2fe6d70,0x00000000f3480000)
  from space 43008K, 66% used [0x00000000f3480000,0x00000000f5093040,0x00000000f5e80000)
  to   space 44032K, 0% used [0x00000000fb680000,0x00000000fb680000,0x00000000fe180000)
 ParOldGen       total 148480K, used 56087K [0x0000000084c00000, 0x000000008dd00000, 0x00000000d6f00000)
  object space 148480K, 37% used [0x0000000084c00000,0x00000000882c5f68,0x000000008dd00000)
 Metaspace       used 28200K, capacity 28538K, committed 28800K, reserved 1075200K
  class space    used 3264K, capacity 3371K, committed 3456K, reserved 1048576K
Event: 57,563 GC heap after
Heap after GC invocations=14 (full 2):
 PSYoungGen      total 571904K, used 28780K [0x00000000d6f00000, 0x00000000fd600000, 0x0000000100000000)
  eden space 539648K, 0% used [0x00000000d6f00000,0x00000000d6f00000,0x00000000f7e00000)
  from space 32256K, 89% used [0x00000000fb680000,0x00000000fd29b040,0x00000000fd600000)
  to   space 45056K, 0% used [0x00000000f7e00000,0x00000000f7e00000,0x00000000faa00000)
 ParOldGen       total 148480K, used 56095K [0x0000000084c00000, 0x000000008dd00000, 0x00000000d6f00000)
  object space 148480K, 37% used [0x0000000084c00000,0x00000000882c7f68,0x000000008dd00000)
 Metaspace       used 28200K, capacity 28538K, committed 28800K, reserved 1075200K
  class space    used 3264K, capacity 3371K, committed 3456K, reserved 1048576K
}
Event: 69,750 GC heap before
{Heap before GC invocations=15 (full 2):
 PSYoungGen      total 571904K, used 568237K [0x00000000d6f00000, 0x00000000fd600000, 0x0000000100000000)
  eden space 539648K, 99% used [0x00000000d6f00000,0x00000000f7dd0570,0x00000000f7e00000)
  from space 32256K, 89% used [0x00000000fb680000,0x00000000fd29b040,0x00000000fd600000)
  to   space 45056K, 0% used [0x00000000f7e00000,0x00000000f7e00000,0x00000000faa00000)
 ParOldGen       total 148480K, used 56095K [0x0000000084c00000, 0x000000008dd00000, 0x00000000d6f00000)
  object space 148480K, 37% used [0x0000000084c00000,0x00000000882c7f68,0x000000008dd00000)
 Metaspace       used 28351K, capacity 28698K, committed 28800K, reserved 1075200K
  class space    used 3274K, capacity 3403K, committed 3456K, reserved 1048576K
Event: 69,772 GC heap after
Heap after GC invocations=15 (full 2):
 PSYoungGen      total 584704K, used 28989K [0x00000000d6f00000, 0x0000000100000000, 0x0000000100000000)
  eden space 539648K, 0% used [0x00000000d6f00000,0x00000000d6f00000,0x00000000f7e00000)
  from space 45056K, 64% used [0x00000000f7e00000,0x00000000f9a4f530,0x00000000faa00000)
  to   space 45568K, 0% used [0x00000000fd380000,0x00000000fd380000,0x0000000100000000)
 ParOldGen       total 148480K, used 56103K [0x0000000084c00000, 0x000000008dd00000, 0x00000000d6f00000)
  object space 148480K, 37% used [0x0000000084c00000,0x00000000882c9f68,0x000000008dd00000)
 Metaspace       used 28351K, capacity 28698K, committed 28800K, reserved 1075200K
  class space    used 3274K, capacity 3403K, committed 3456K, reserved 1048576K
}

