# JRE version: Java(TM) SE Runtime Environment (8.0_161-b12) (build 1.8.0_161-b12)
# Java VM: Java HotSpot(TM) 64-Bit Server VM (25.161-b12 mixed mode linux-amd64 compressed oops)
Heap:
 PSYoungGen      total 375808K, used 193147K [0x00000000d6f00000, 0x00000000f0b80000, 0x0000000100000000)
  eden space 339456K, 49% used [0x00000000d6f00000,0x00000000e1383e50,0x00000000eba80000)
  from space 36352K, 67% used [0x00000000ee800000,0x00000000f001b030,0x00000000f0b80000)
  to   space 41472K, 0% used [0x00000000eba80000,0x00000000eba80000,0x00000000ee300000)
 ParOldGen       total 170496K, used 63135K [0x0000000084c00000, 0x000000008f280000, 0x00000000d6f00000)
  object space 170496K, 37% used [0x0000000084c00000,0x00000000889a7ef8,0x000000008f280000)
 Metaspace       used 29318K, capacity 29662K, committed 29824K, reserved 1075200K
  class space    used 3329K, capacity 3433K, committed 3456K, reserved 1048576K
GC Heap History (10 events):
Event: 31,593 GC heap before
{Heap before GC invocations=14 (full 2):
 PSYoungGen      total 262144K, used 238902K [0x00000000d6f00000, 0x00000000ec880000, 0x0000000100000000)
  eden space 221184K, 96% used [0x00000000d6f00000,0x00000000e405aa20,0x00000000e4700000)
  from space 40960K, 59% used [0x00000000e4700000,0x00000000e5ef3030,0x00000000e6f00000)
  to   space 41472K, 0% used [0x00000000ea000000,0x00000000ea000000,0x00000000ec880000)
 ParOldGen       total 170496K, used 63103K [0x0000000084c00000, 0x000000008f280000, 0x00000000d6f00000)
  object space 170496K, 37% used [0x0000000084c00000,0x000000008899fef8,0x000000008f280000)
 Metaspace       used 28237K, capacity 28574K, committed 28800K, reserved 1075200K
  class space    used 3260K, capacity 3369K, committed 3456K, reserved 1048576K
Event: 31,612 GC heap after
Heap after GC invocations=14 (full 2):
 PSYoungGen      total 302080K, used 24524K [0x00000000d6f00000, 0x00000000ec400000, 0x0000000100000000)
  eden space 265216K, 0% used [0x00000000d6f00000,0x00000000d6f00000,0x00000000e7200000)
  from space 36864K, 66% used [0x00000000ea000000,0x00000000eb7f3030,0x00000000ec400000)
  to   space 41984K, 0% used [0x00000000e7200000,0x00000000e7200000,0x00000000e9b00000)
 ParOldGen       total 170496K, used 63111K [0x0000000084c00000, 0x000000008f280000, 0x00000000d6f00000)
  object space 170496K, 37% used [0x0000000084c00000,0x00000000889a1ef8,0x000000008f280000)
 Metaspace       used 28237K, capacity 28574K, committed 28800K, reserved 1075200K
  class space    used 3260K, capacity 3369K, committed 3456K, reserved 1048576K
}
Event: 36,971 GC heap before
{Heap before GC invocations=15 (full 2):
 PSYoungGen      total 302080K, used 284587K [0x00000000d6f00000, 0x00000000ec400000, 0x0000000100000000)
  eden space 265216K, 98% used [0x00000000d6f00000,0x00000000e6cf7f00,0x00000000e7200000)
  from space 36864K, 66% used [0x00000000ea000000,0x00000000eb7f3030,0x00000000ec400000)
  to   space 41984K, 0% used [0x00000000e7200000,0x00000000e7200000,0x00000000e9b00000)
 ParOldGen       total 170496K, used 63111K [0x0000000084c00000, 0x000000008f280000, 0x00000000d6f00000)
  object space 170496K, 37% used [0x0000000084c00000,0x00000000889a1ef8,0x000000008f280000)
 Metaspace       used 28328K, capacity 28702K, committed 29056K, reserved 1075200K
  class space    used 3260K, capacity 3369K, committed 3456K, reserved 1048576K
Event: 36,984 GC heap after
Heap after GC invocations=15 (full 2):
 PSYoungGen      total 307200K, used 24524K [0x00000000d6f00000, 0x00000000ef080000, 0x0000000100000000)
  eden space 265216K, 0% used [0x00000000d6f00000,0x00000000d6f00000,0x00000000e7200000)
  from space 41984K, 58% used [0x00000000e7200000,0x00000000e89f3030,0x00000000e9b00000)
  to   space 41984K, 0% used [0x00000000ec780000,0x00000000ec780000,0x00000000ef080000)
 ParOldGen       total 170496K, used 63119K [0x0000000084c00000, 0x000000008f280000, 0x00000000d6f00000)
  object space 170496K, 37% used [0x0000000084c00000,0x00000000889a3ef8,0x000000008f280000)
 Metaspace       used 28328K, capacity 28702K, committed 29056K, reserved 1075200K
  class space    used 3260K, capacity 3369K, committed 3456K, reserved 1048576K
}
Event: 42,435 GC heap before
{Heap before GC invocations=16 (full 2):
 PSYoungGen      total 307200K, used 287001K [0x00000000d6f00000, 0x00000000ef080000, 0x0000000100000000)
  eden space 265216K, 98% used [0x00000000d6f00000,0x00000000e6f535b8,0x00000000e7200000)
  from space 41984K, 58% used [0x00000000e7200000,0x00000000e89f3030,0x00000000e9b00000)
  to   space 41984K, 0% used [0x00000000ec780000,0x00000000ec780000,0x00000000ef080000)
 ParOldGen       total 170496K, used 63119K [0x0000000084c00000, 0x000000008f280000, 0x00000000d6f00000)
  object space 170496K, 37% used [0x0000000084c00000,0x00000000889a3ef8,0x000000008f280000)
 Metaspace       used 28519K, capacity 28830K, committed 29056K, reserved 1075200K
  class space    used 3260K, capacity 3369K, committed 3456K, reserved 1048576K
Event: 42,450 GC heap after
Heap after GC invocations=16 (full 2):
 PSYoungGen      total 341504K, used 24684K [0x00000000d6f00000, 0x00000000eeb00000, 0x0000000100000000)
  eden space 305152K, 0% used [0x00000000d6f00000,0x00000000d6f00000,0x00000000e9900000)
  from space 36352K, 67% used [0x00000000ec780000,0x00000000edf9b030,0x00000000eeb00000)
  to   space 41984K, 0% used [0x00000000e9900000,0x00000000e9900000,0x00000000ec200000)
 ParOldGen       total 170496K, used 63127K [0x0000000084c00000, 0x000000008f280000, 0x00000000d6f00000)
  object space 170496K, 37% used [0x0000000084c00000,0x00000000889a5ef8,0x000000008f280000)
 Metaspace       used 28519K, capacity 28830K, committed 29056K, reserved 1075200K
  class space    used 3260K, capacity 3369K, committed 3456K, reserved 1048576K
}
Event: 48,874 GC heap before
{Heap before GC invocations=17 (full 2):
 PSYoungGen      total 341504K, used 324957K [0x00000000d6f00000, 0x00000000eeb00000, 0x0000000100000000)
  eden space 305152K, 98% used [0x00000000d6f00000,0x00000000e943c5b8,0x00000000e9900000)
  from space 36352K, 67% used [0x00000000ec780000,0x00000000edf9b030,0x00000000eeb00000)
  to   space 41984K, 0% used [0x00000000e9900000,0x00000000e9900000,0x00000000ec200000)
 ParOldGen       total 170496K, used 63127K [0x0000000084c00000, 0x000000008f280000, 0x00000000d6f00000)
  object space 170496K, 37% used [0x0000000084c00000,0x00000000889a5ef8,0x000000008f280000)
 Metaspace       used 28778K, capacity 29150K, committed 29568K, reserved 1075200K
  class space    used 3261K, capacity 3369K, committed 3456K, reserved 1048576K
Event: 48,886 GC heap after
Heap after GC invocations=17 (full 2):
 PSYoungGen      total 347136K, used 24652K [0x00000000d6f00000, 0x00000000f1080000, 0x0000000100000000)
  eden space 305152K, 0% used [0x00000000d6f00000,0x00000000d6f00000,0x00000000e9900000)
  from space 41984K, 58% used [0x00000000e9900000,0x00000000eb113030,0x00000000ec200000)
  to   space 41472K, 0% used [0x00000000ee800000,0x00000000ee800000,0x00000000f1080000)
 ParOldGen       total 170496K, used 63135K [0x0000000084c00000, 0x000000008f280000, 0x00000000d6f00000)
  object space 170496K, 37% used [0x0000000084c00000,0x00000000889a7ef8,0x000000008f280000)
 Metaspace       used 28778K, capacity 29150K, committed 29568K, reserved 1075200K
  class space    used 3261K, capacity 3369K, committed 3456K, reserved 1048576K
}
Event: 54,915 GC heap before
{Heap before GC invocations=18 (full 2):
 PSYoungGen      total 347136K, used 322892K [0x00000000d6f00000, 0x00000000f1080000, 0x0000000100000000)
  eden space 305152K, 97% used [0x00000000d6f00000,0x00000000e92402b8,0x00000000e9900000)
  from space 41984K, 58% used [0x00000000e9900000,0x00000000eb113030,0x00000000ec200000)
  to   space 41472K, 0% used [0x00000000ee800000,0x00000000ee800000,0x00000000f1080000)
 ParOldGen       total 170496K, used 63135K [0x0000000084c00000, 0x000000008f280000, 0x00000000d6f00000)
  object space 170496K, 37% used [0x0000000084c00000,0x00000000889a7ef8,0x000000008f280000)
 Metaspace       used 28822K, capacity 29150K, committed 29568K, reserved 1075200K
  class space    used 3262K, capacity 3369K, committed 3456K, reserved 1048576K
Event: 54,926 GC heap after
Heap after GC invocations=18 (full 2):
 PSYoungGen      total 375808K, used 24684K [0x00000000d6f00000, 0x00000000f0b80000, 0x0000000100000000)
  eden space 339456K, 0% used [0x00000000d6f00000,0x00000000d6f00000,0x00000000eba80000)
  from space 36352K, 67% used [0x00000000ee800000,0x00000000f001b030,0x00000000f0b80000)
  to   space 41472K, 0% used [0x00000000eba80000,0x00000000eba80000,0x00000000ee300000)
 ParOldGen       total 170496K, used 63135K [0x0000000084c00000, 0x000000008f280000, 0x00000000d6f00000)
  object space 170496K, 37% used [0x0000000084c00000,0x00000000889a7ef8,0x000000008f280000)
 Metaspace       used 28822K, capacity 29150K, committed 29568K, reserved 1075200K
  class space    used 3262K, capacity 3369K, committed 3456K, reserved 1048576K
}

