# JRE version: Java(TM) SE Runtime Environment (8.0_161-b12) (build 1.8.0_161-b12)
# Java VM: Java HotSpot(TM) 64-Bit Server VM (25.161-b12 mixed mode linux-amd64 compressed oops)
Heap:
 PSYoungGen      total 417280K, used 299729K [0x00000000d6f00000, 0x00000000f3d80000, 0x0000000100000000)
  eden space 376832K, 72% used [0x00000000d6f00000,0x00000000e7a7d6a0,0x00000000edf00000)
  from space 40448K, 63% used [0x00000000edf00000,0x00000000ef837050,0x00000000f0680000)
  to   space 40960K, 0% used [0x00000000f1580000,0x00000000f1580000,0x00000000f3d80000)
 ParOldGen       total 152576K, used 55713K [0x0000000084c00000, 0x000000008e100000, 0x00000000d6f00000)
  object space 152576K, 36% used [0x0000000084c00000,0x0000000088268410,0x000000008e100000)
 Metaspace       used 30045K, capacity 30378K, committed 30720K, reserved 1077248K
  class space    used 3396K, capacity 3499K, committed 3584K, reserved 1048576K
GC Heap History (10 events):
Event: 59,734 GC heap before
{Heap before GC invocations=19 (full 2):
 PSYoungGen      total 377856K, used 360514K [0x00000000d6f00000, 0x00000000f0a80000, 0x0000000100000000)
  eden space 340480K, 98% used [0x00000000d6f00000,0x00000000eb605810,0x00000000ebb80000)
  from space 37376K, 68% used [0x00000000ee600000,0x00000000eff0b040,0x00000000f0a80000)
  to   space 40448K, 0% used [0x00000000ebb80000,0x00000000ebb80000,0x00000000ee300000)
 ParOldGen       total 152576K, used 55681K [0x0000000084c00000, 0x000000008e100000, 0x00000000d6f00000)
  object space 152576K, 36% used [0x0000000084c00000,0x0000000088260410,0x000000008e100000)
 Metaspace       used 29417K, capacity 29790K, committed 30080K, reserved 1075200K
  class space    used 3321K, capacity 3433K, committed 3456K, reserved 1048576K
Event: 59,745 GC heap after
Heap after GC invocations=19 (full 2):
 PSYoungGen      total 380928K, used 25916K [0x00000000d6f00000, 0x00000000f2180000, 0x0000000100000000)
  eden space 340480K, 0% used [0x00000000d6f00000,0x00000000d6f00000,0x00000000ebb80000)
  from space 40448K, 64% used [0x00000000ebb80000,0x00000000ed4cf050,0x00000000ee300000)
  to   space 40960K, 0% used [0x00000000ef980000,0x00000000ef980000,0x00000000f2180000)
 ParOldGen       total 152576K, used 55689K [0x0000000084c00000, 0x000000008e100000, 0x00000000d6f00000)
  object space 152576K, 36% used [0x0000000084c00000,0x0000000088262410,0x000000008e100000)
 Metaspace       used 29417K, capacity 29790K, committed 30080K, reserved 1075200K
  class space    used 3321K, capacity 3433K, committed 3456K, reserved 1048576K
}
Event: 66,400 GC heap before
{Heap before GC invocations=20 (full 2):
 PSYoungGen      total 380928K, used 364251K [0x00000000d6f00000, 0x00000000f2180000, 0x0000000100000000)
  eden space 340480K, 99% used [0x00000000d6f00000,0x00000000eb967d28,0x00000000ebb80000)
  from space 40448K, 64% used [0x00000000ebb80000,0x00000000ed4cf050,0x00000000ee300000)
  to   space 40960K, 0% used [0x00000000ef980000,0x00000000ef980000,0x00000000f2180000)
 ParOldGen       total 152576K, used 55689K [0x0000000084c00000, 0x000000008e100000, 0x00000000d6f00000)
  object space 152576K, 36% used [0x0000000084c00000,0x0000000088262410,0x000000008e100000)
 Metaspace       used 29427K, capacity 29822K, committed 30208K, reserved 1075200K
  class space    used 3321K, capacity 3465K, committed 3584K, reserved 1048576K
Event: 66,416 GC heap after
Heap after GC invocations=20 (full 2):
 PSYoungGen      total 399872K, used 25724K [0x00000000d6f00000, 0x00000000f1f00000, 0x0000000100000000)
  eden space 361472K, 0% used [0x00000000d6f00000,0x00000000d6f00000,0x00000000ed000000)
  from space 38400K, 66% used [0x00000000ef980000,0x00000000f129f050,0x00000000f1f00000)
  to   space 40448K, 0% used [0x00000000ed000000,0x00000000ed000000,0x00000000ef780000)
 ParOldGen       total 152576K, used 55697K [0x0000000084c00000, 0x000000008e100000, 0x00000000d6f00000)
  object space 152576K, 36% used [0x0000000084c00000,0x0000000088264410,0x000000008e100000)
 Metaspace       used 29427K, capacity 29822K, committed 30208K, reserved 1075200K
  class space    used 3321K, capacity 3465K, committed 3584K, reserved 1048576K
}
Event: 74,498 GC heap before
{Heap before GC invocations=21 (full 2):
 PSYoungGen      total 399872K, used 379516K [0x00000000d6f00000, 0x00000000f1f00000, 0x0000000100000000)
  eden space 361472K, 97% used [0x00000000d6f00000,0x00000000ec880128,0x00000000ed000000)
  from space 38400K, 66% used [0x00000000ef980000,0x00000000f129f050,0x00000000f1f00000)
  to   space 40448K, 0% used [0x00000000ed000000,0x00000000ed000000,0x00000000ef780000)
 ParOldGen       total 152576K, used 55697K [0x0000000084c00000, 0x000000008e100000, 0x00000000d6f00000)
  object space 152576K, 36% used [0x0000000084c00000,0x0000000088264410,0x000000008e100000)
 Metaspace       used 29505K, capacity 29886K, committed 30208K, reserved 1075200K
  class space    used 3329K, capacity 3465K, committed 3584K, reserved 1048576K
Event: 74,504 GC heap after
Heap after GC invocations=21 (full 2):
 PSYoungGen      total 401920K, used 9620K [0x00000000d6f00000, 0x00000000f3100000, 0x0000000100000000)
  eden space 361472K, 0% used [0x00000000d6f00000,0x00000000d6f00000,0x00000000ed000000)
  from space 40448K, 23% used [0x00000000ed000000,0x00000000ed965030,0x00000000ef780000)
  to   space 40448K, 0% used [0x00000000f0980000,0x00000000f0980000,0x00000000f3100000)
 ParOldGen       total 152576K, used 55697K [0x0000000084c00000, 0x000000008e100000, 0x00000000d6f00000)
  object space 152576K, 36% used [0x0000000084c00000,0x0000000088264410,0x000000008e100000)
 Metaspace       used 29505K, capacity 29886K, committed 30208K, reserved 1075200K
  class space    used 3329K, capacity 3465K, committed 3584K, reserved 1048576K
}
Event: 81,375 GC heap before
{Heap before GC invocations=22 (full 2):
 PSYoungGen      total 401920K, used 367028K [0x00000000d6f00000, 0x00000000f3100000, 0x0000000100000000)
  eden space 361472K, 98% used [0x00000000d6f00000,0x00000000ecc081b8,0x00000000ed000000)
  from space 40448K, 23% used [0x00000000ed000000,0x00000000ed965030,0x00000000ef780000)
  to   space 40448K, 0% used [0x00000000f0980000,0x00000000f0980000,0x00000000f3100000)
 ParOldGen       total 152576K, used 55697K [0x0000000084c00000, 0x000000008e100000, 0x00000000d6f00000)
  object space 152576K, 36% used [0x0000000084c00000,0x0000000088264410,0x000000008e100000)
 Metaspace       used 29530K, capacity 29898K, committed 30208K, reserved 1075200K
  class space    used 3330K, capacity 3467K, committed 3584K, reserved 1048576K
Event: 81,380 GC heap after
Heap after GC invocations=22 (full 2):
 PSYoungGen      total 414208K, used 9572K [0x00000000d6f00000, 0x00000000f2e00000, 0x0000000100000000)
  eden space 376832K, 0% used [0x00000000d6f00000,0x00000000d6f00000,0x00000000edf00000)
  from space 37376K, 25% used [0x00000000f0980000,0x00000000f12d9020,0x00000000f2e00000)
  to   space 40448K, 0% used [0x00000000edf00000,0x00000000edf00000,0x00000000f0680000)
 ParOldGen       total 152576K, used 55705K [0x0000000084c00000, 0x000000008e100000, 0x00000000d6f00000)
  object space 152576K, 36% used [0x0000000084c00000,0x0000000088266410,0x000000008e100000)
 Metaspace       used 29530K, capacity 29898K, committed 30208K, reserved 1075200K
  class space    used 3330K, capacity 3467K, committed 3584K, reserved 1048576K
}
Event: 89,230 GC heap before
{Heap before GC invocations=23 (full 2):
 PSYoungGen      total 414208K, used 384171K [0x00000000d6f00000, 0x00000000f2e00000, 0x0000000100000000)
  eden space 376832K, 99% used [0x00000000d6f00000,0x00000000edcd1ee0,0x00000000edf00000)
  from space 37376K, 25% used [0x00000000f0980000,0x00000000f12d9020,0x00000000f2e00000)
  to   space 40448K, 0% used [0x00000000edf00000,0x00000000edf00000,0x00000000f0680000)
 ParOldGen       total 152576K, used 55705K [0x0000000084c00000, 0x000000008e100000, 0x00000000d6f00000)
  object space 152576K, 36% used [0x0000000084c00000,0x0000000088266410,0x000000008e100000)
 Metaspace       used 29549K, capacity 29898K, committed 30208K, reserved 1075200K
  class space    used 3330K, capacity 3467K, committed 3584K, reserved 1048576K
Event: 89,243 GC heap after
Heap after GC invocations=23 (full 2):
 PSYoungGen      total 417280K, used 25820K [0x00000000d6f00000, 0x00000000f3d80000, 0x0000000100000000)
  eden space 376832K, 0% used [0x00000000d6f00000,0x00000000d6f00000,0x00000000edf00000)
  from space 40448K, 63% used [0x00000000edf00000,0x00000000ef837050,0x00000000f0680000)
  to   space 40960K, 0% used [0x00000000f1580000,0x00000000f1580000,0x00000000f3d80000)
 ParOldGen       total 152576K, used 55713K [0x0000000084c00000, 0x000000008e100000, 0x00000000d6f00000)
  object space 152576K, 36% used [0x0000000084c00000,0x0000000088268410,0x000000008e100000)
 Metaspace       used 29549K, capacity 29898K, committed 30208K, reserved 1075200K
  class space    used 3330K, capacity 3467K, committed 3584K, reserved 1048576K
}

