# JRE version: Java(TM) SE Runtime Environment (8.0_161-b12) (build 1.8.0_161-b12)
# Java VM: Java HotSpot(TM) 64-Bit Server VM (25.161-b12 mixed mode linux-amd64 compressed oops)
Heap:
 PSYoungGen      total 413184K, used 137141K [0x00000000d6f00000, 0x00000000f3000000, 0x0000000100000000)
  eden space 380928K, 29% used [0x00000000d6f00000,0x00000000ddc865d8,0x00000000ee300000)
  from space 32256K, 77% used [0x00000000f1080000,0x00000000f28e7040,0x00000000f3000000)
  to   space 39424K, 0% used [0x00000000ee300000,0x00000000ee300000,0x00000000f0980000)
 ParOldGen       total 144896K, used 57529K [0x0000000084c00000, 0x000000008d980000, 0x00000000d6f00000)
  object space 144896K, 39% used [0x0000000084c00000,0x000000008842e530,0x000000008d980000)
 Metaspace       used 28876K, capacity 29198K, committed 29568K, reserved 1075200K
  class space    used 3271K, capacity 3401K, committed 3456K, reserved 1048576K
GC Heap History (10 events):
Event: 33,488 GC heap before
{Heap before GC invocations=14 (full 2):
 PSYoungGen      total 268800K, used 259385K [0x00000000d6f00000, 0x00000000ed500000, 0x0000000100000000)
  eden space 235520K, 99% used [0x00000000d6f00000,0x00000000e53e4d90,0x00000000e5500000)
  from space 33280K, 75% used [0x00000000e5500000,0x00000000e6d699f0,0x00000000e7580000)
  to   space 35328K, 0% used [0x00000000eb280000,0x00000000eb280000,0x00000000ed500000)
 ParOldGen       total 144896K, used 57489K [0x0000000084c00000, 0x000000008d980000, 0x00000000d6f00000)
  object space 144896K, 39% used [0x0000000084c00000,0x0000000088424530,0x000000008d980000)
 Metaspace       used 28296K, capacity 28654K, committed 29056K, reserved 1075200K
  class space    used 3259K, capacity 3369K, committed 3456K, reserved 1048576K
Event: 33,498 GC heap after
Heap after GC invocations=14 (full 2):
 PSYoungGen      total 318976K, used 24924K [0x00000000d6f00000, 0x00000000ed080000, 0x0000000100000000)
  eden space 288256K, 0% used [0x00000000d6f00000,0x00000000d6f00000,0x00000000e8880000)
  from space 30720K, 81% used [0x00000000eb280000,0x00000000ecad7040,0x00000000ed080000)
  to   space 36864K, 0% used [0x00000000e8880000,0x00000000e8880000,0x00000000eac80000)
 ParOldGen       total 144896K, used 57497K [0x0000000084c00000, 0x000000008d980000, 0x00000000d6f00000)
  object space 144896K, 39% used [0x0000000084c00000,0x0000000088426530,0x000000008d980000)
 Metaspace       used 28296K, capacity 28654K, committed 29056K, reserved 1075200K
  class space    used 3259K, capacity 3369K, committed 3456K, reserved 1048576K
}
Event: 38,899 GC heap before
{Heap before GC invocations=15 (full 2):
 PSYoungGen      total 318976K, used 309497K [0x00000000d6f00000, 0x00000000ed080000, 0x0000000100000000)
  eden space 288256K, 98% used [0x00000000d6f00000,0x00000000e84e7550,0x00000000e8880000)
  from space 30720K, 81% used [0x00000000eb280000,0x00000000ecad7040,0x00000000ed080000)
  to   space 36864K, 0% used [0x00000000e8880000,0x00000000e8880000,0x00000000eac80000)
 ParOldGen       total 144896K, used 57497K [0x0000000084c00000, 0x000000008d980000, 0x00000000d6f00000)
  object space 144896K, 39% used [0x0000000084c00000,0x0000000088426530,0x000000008d980000)
 Metaspace       used 28351K, capacity 28654K, committed 29056K, reserved 1075200K
  class space    used 3260K, capacity 3369K, committed 3456K, reserved 1048576K
Event: 38,909 GC heap after
Heap after GC invocations=15 (full 2):
 PSYoungGen      total 325120K, used 24780K [0x00000000d6f00000, 0x00000000f0900000, 0x0000000100000000)
  eden space 288256K, 0% used [0x00000000d6f00000,0x00000000d6f00000,0x00000000e8880000)
  from space 36864K, 67% used [0x00000000e8880000,0x00000000ea0b3030,0x00000000eac80000)
  to   space 37888K, 0% used [0x00000000ee400000,0x00000000ee400000,0x00000000f0900000)
 ParOldGen       total 144896K, used 57505K [0x0000000084c00000, 0x000000008d980000, 0x00000000d6f00000)
  object space 144896K, 39% used [0x0000000084c00000,0x0000000088428530,0x000000008d980000)
 Metaspace       used 28351K, capacity 28654K, committed 29056K, reserved 1075200K
  class space    used 3260K, capacity 3369K, committed 3456K, reserved 1048576K
}
Event: 44,373 GC heap before
{Heap before GC invocations=16 (full 2):
 PSYoungGen      total 325120K, used 308542K [0x00000000d6f00000, 0x00000000f0900000, 0x0000000100000000)
  eden space 288256K, 98% used [0x00000000d6f00000,0x00000000e841c9f8,0x00000000e8880000)
  from space 36864K, 67% used [0x00000000e8880000,0x00000000ea0b3030,0x00000000eac80000)
  to   space 37888K, 0% used [0x00000000ee400000,0x00000000ee400000,0x00000000f0900000)
 ParOldGen       total 144896K, used 57505K [0x0000000084c00000, 0x000000008d980000, 0x00000000d6f00000)
  object space 144896K, 39% used [0x0000000084c00000,0x0000000088428530,0x000000008d980000)
 Metaspace       used 28586K, capacity 28910K, committed 29312K, reserved 1075200K
  class space    used 3261K, capacity 3369K, committed 3456K, reserved 1048576K
Event: 44,389 GC heap after
Heap after GC invocations=16 (full 2):
 PSYoungGen      total 371712K, used 25116K [0x00000000d6f00000, 0x00000000f0500000, 0x0000000100000000)
  eden space 337920K, 0% used [0x00000000d6f00000,0x00000000d6f00000,0x00000000eb900000)
  from space 33792K, 74% used [0x00000000ee400000,0x00000000efc87040,0x00000000f0500000)
  to   space 38912K, 0% used [0x00000000eb900000,0x00000000eb900000,0x00000000edf00000)
 ParOldGen       total 144896K, used 57513K [0x0000000084c00000, 0x000000008d980000, 0x00000000d6f00000)
  object space 144896K, 39% used [0x0000000084c00000,0x000000008842a530,0x000000008d980000)
 Metaspace       used 28586K, capacity 28910K, committed 29312K, reserved 1075200K
  class space    used 3261K, capacity 3369K, committed 3456K, reserved 1048576K
}
Event: 51,126 GC heap before
{Heap before GC invocations=17 (full 2):
 PSYoungGen      total 371712K, used 362390K [0x00000000d6f00000, 0x00000000f0500000, 0x0000000100000000)
  eden space 337920K, 99% used [0x00000000d6f00000,0x00000000eb85eaf8,0x00000000eb900000)
  from space 33792K, 74% used [0x00000000ee400000,0x00000000efc87040,0x00000000f0500000)
  to   space 38912K, 0% used [0x00000000eb900000,0x00000000eb900000,0x00000000edf00000)
 ParOldGen       total 144896K, used 57513K [0x0000000084c00000, 0x000000008d980000, 0x00000000d6f00000)
  object space 144896K, 39% used [0x0000000084c00000,0x000000008842a530,0x000000008d980000)
 Metaspace       used 28785K, capacity 29102K, committed 29312K, reserved 1075200K
  class space    used 3261K, capacity 3369K, committed 3456K, reserved 1048576K
Event: 51,136 GC heap after
Heap after GC invocations=17 (full 2):
 PSYoungGen      total 376832K, used 24908K [0x00000000d6f00000, 0x00000000f3700000, 0x0000000100000000)
  eden space 337920K, 0% used [0x00000000d6f00000,0x00000000d6f00000,0x00000000eb900000)
  from space 38912K, 64% used [0x00000000eb900000,0x00000000ed153030,0x00000000edf00000)
  to   space 39424K, 0% used [0x00000000f1080000,0x00000000f1080000,0x00000000f3700000)
 ParOldGen       total 144896K, used 57521K [0x0000000084c00000, 0x000000008d980000, 0x00000000d6f00000)
  object space 144896K, 39% used [0x0000000084c00000,0x000000008842c530,0x000000008d980000)
 Metaspace       used 28785K, capacity 29102K, committed 29312K, reserved 1075200K
  class space    used 3261K, capacity 3369K, committed 3456K, reserved 1048576K
}
Event: 57,762 GC heap before
{Heap before GC invocations=18 (full 2):
 PSYoungGen      total 376832K, used 356036K [0x00000000d6f00000, 0x00000000f3700000, 0x0000000100000000)
  eden space 337920K, 97% used [0x00000000d6f00000,0x00000000eb25e090,0x00000000eb900000)
  from space 38912K, 64% used [0x00000000eb900000,0x00000000ed153030,0x00000000edf00000)
  to   space 39424K, 0% used [0x00000000f1080000,0x00000000f1080000,0x00000000f3700000)
 ParOldGen       total 144896K, used 57521K [0x0000000084c00000, 0x000000008d980000, 0x00000000d6f00000)
  object space 144896K, 39% used [0x0000000084c00000,0x000000008842c530,0x000000008d980000)
 Metaspace       used 28807K, capacity 29166K, committed 29568K, reserved 1075200K
  class space    used 3261K, capacity 3369K, committed 3456K, reserved 1048576K
Event: 57,771 GC heap after
Heap after GC invocations=18 (full 2):
 PSYoungGen      total 413184K, used 24988K [0x00000000d6f00000, 0x00000000f3000000, 0x0000000100000000)
  eden space 380928K, 0% used [0x00000000d6f00000,0x00000000d6f00000,0x00000000ee300000)
  from space 32256K, 77% used [0x00000000f1080000,0x00000000f28e7040,0x00000000f3000000)
  to   space 39424K, 0% used [0x00000000ee300000,0x00000000ee300000,0x00000000f0980000)
 ParOldGen       total 144896K, used 57529K [0x0000000084c00000, 0x000000008d980000, 0x00000000d6f00000)
  object space 144896K, 39% used [0x0000000084c00000,0x000000008842e530,0x000000008d980000)
 Metaspace       used 28807K, capacity 29166K, committed 29568K, reserved 1075200K
  class space    used 3261K, capacity 3369K, committed 3456K, reserved 1048576K
}

