# JRE version: Java(TM) SE Runtime Environment (8.0_161-b12) (build 1.8.0_161-b12)
# Java VM: Java HotSpot(TM) 64-Bit Server VM (25.161-b12 mixed mode linux-amd64 compressed oops)
Heap:
 PSYoungGen      total 463872K, used 188537K [0x00000000d6f00000, 0x00000000f9780000, 0x0000000100000000)
  eden space 424448K, 38% used [0x00000000d6f00000,0x00000000e1004578,0x00000000f0d80000)
  from space 39424K, 60% used [0x00000000f0d80000,0x00000000f249a050,0x00000000f3400000)
  to   space 39424K, 0% used [0x00000000f7100000,0x00000000f7100000,0x00000000f9780000)
 ParOldGen       total 92672K, used 48054K [0x0000000084c00000, 0x000000008a680000, 0x00000000d6f00000)
  object space 92672K, 51% used [0x0000000084c00000,0x0000000087aedb90,0x000000008a680000)
 Metaspace       used 28849K, capacity 29198K, committed 29312K, reserved 1075200K
  class space    used 3270K, capacity 3401K, committed 3456K, reserved 1048576K
GC Heap History (10 events):
Event: 12,570 GC heap before
{Heap before GC invocations=8 (full 1):
 PSYoungGen      total 275968K, used 247877K [0x00000000d6f00000, 0x00000000e9400000, 0x0000000100000000)
  eden space 253952K, 97% used [0x00000000d6f00000,0x00000000e6111538,0x00000000e6700000)
  from space 22016K, 0% used [0x00000000e7e80000,0x00000000e7e80000,0x00000000e9400000)
  to   space 23040K, 0% used [0x00000000e6700000,0x00000000e6700000,0x00000000e7d80000)
 ParOldGen       total 92672K, used 27361K [0x0000000084c00000, 0x000000008a680000, 0x00000000d6f00000)
  object space 92672K, 29% used [0x0000000084c00000,0x00000000866b85f0,0x000000008a680000)
 Metaspace       used 27373K, capacity 27730K, committed 28032K, reserved 1073152K
  class space    used 3238K, capacity 3365K, committed 3456K, reserved 1048576K
Event: 12,590 GC heap after
Heap after GC invocations=8 (full 1):
 PSYoungGen      total 276992K, used 23016K [0x00000000d6f00000, 0x00000000f1d00000, 0x0000000100000000)
  eden space 253952K, 0% used [0x00000000d6f00000,0x00000000d6f00000,0x00000000e6700000)
  from space 23040K, 99% used [0x00000000e6700000,0x00000000e7d7a050,0x00000000e7d80000)
  to   space 33792K, 0% used [0x00000000efc00000,0x00000000efc00000,0x00000000f1d00000)
 ParOldGen       total 92672K, used 39922K [0x0000000084c00000, 0x000000008a680000, 0x00000000d6f00000)
  object space 92672K, 43% used [0x0000000084c00000,0x00000000872fcb80,0x000000008a680000)
 Metaspace       used 27373K, capacity 27730K, committed 28032K, reserved 1073152K
  class space    used 3238K, capacity 3365K, committed 3456K, reserved 1048576K
}
Event: 17,619 GC heap before
{Heap before GC invocations=9 (full 1):
 PSYoungGen      total 276992K, used 271646K [0x00000000d6f00000, 0x00000000f1d00000, 0x0000000100000000)
  eden space 253952K, 97% used [0x00000000d6f00000,0x00000000e61cda88,0x00000000e6700000)
  from space 23040K, 99% used [0x00000000e6700000,0x00000000e7d7a050,0x00000000e7d80000)
  to   space 33792K, 0% used [0x00000000efc00000,0x00000000efc00000,0x00000000f1d00000)
 ParOldGen       total 92672K, used 39922K [0x0000000084c00000, 0x000000008a680000, 0x00000000d6f00000)
  object space 92672K, 43% used [0x0000000084c00000,0x00000000872fcb80,0x000000008a680000)
 Metaspace       used 27850K, capacity 28202K, committed 28544K, reserved 1075200K
  class space    used 3258K, capacity 3369K, committed 3456K, reserved 1048576K
Event: 17,639 GC heap after
Heap after GC invocations=9 (full 1):
 PSYoungGen      total 389632K, used 31718K [0x00000000d6f00000, 0x00000000f1b00000, 0x0000000100000000)
  eden space 357888K, 0% used [0x00000000d6f00000,0x00000000d6f00000,0x00000000ecc80000)
  from space 31744K, 99% used [0x00000000efc00000,0x00000000f1af9a20,0x00000000f1b00000)
  to   space 38912K, 0% used [0x00000000ecf00000,0x00000000ecf00000,0x00000000ef500000)
 ParOldGen       total 92672K, used 48030K [0x0000000084c00000, 0x000000008a680000, 0x00000000d6f00000)
  object space 92672K, 51% used [0x0000000084c00000,0x0000000087ae7b90,0x000000008a680000)
 Metaspace       used 27850K, capacity 28202K, committed 28544K, reserved 1075200K
  class space    used 3258K, capacity 3369K, committed 3456K, reserved 1048576K
}
Event: 24,595 GC heap before
{Heap before GC invocations=10 (full 1):
 PSYoungGen      total 389632K, used 388970K [0x00000000d6f00000, 0x00000000f1b00000, 0x0000000100000000)
  eden space 357888K, 99% used [0x00000000d6f00000,0x00000000ecbe10c8,0x00000000ecc80000)
  from space 31744K, 99% used [0x00000000efc00000,0x00000000f1af9a20,0x00000000f1b00000)
  to   space 38912K, 0% used [0x00000000ecf00000,0x00000000ecf00000,0x00000000ef500000)
 ParOldGen       total 92672K, used 48030K [0x0000000084c00000, 0x000000008a680000, 0x00000000d6f00000)
  object space 92672K, 51% used [0x0000000084c00000,0x0000000087ae7b90,0x000000008a680000)
 Metaspace       used 28270K, capacity 28654K, committed 28800K, reserved 1075200K
  class space    used 3258K, capacity 3369K, committed 3456K, reserved 1048576K
Event: 24,607 GC heap after
Heap after GC invocations=10 (full 1):
 PSYoungGen      total 399360K, used 23544K [0x00000000d6f00000, 0x00000000f6280000, 0x0000000100000000)
  eden space 360448K, 0% used [0x00000000d6f00000,0x00000000d6f00000,0x00000000ecf00000)
  from space 38912K, 60% used [0x00000000ecf00000,0x00000000ee5fe060,0x00000000ef500000)
  to   space 39424K, 0% used [0x00000000f3c00000,0x00000000f3c00000,0x00000000f6280000)
 ParOldGen       total 92672K, used 48038K [0x0000000084c00000, 0x000000008a680000, 0x00000000d6f00000)
  object space 92672K, 51% used [0x0000000084c00000,0x0000000087ae9b90,0x000000008a680000)
 Metaspace       used 28270K, capacity 28654K, committed 28800K, reserved 1075200K
  class space    used 3258K, capacity 3369K, committed 3456K, reserved 1048576K
}
Event: 31,188 GC heap before
{Heap before GC invocations=11 (full 1):
 PSYoungGen      total 399360K, used 378049K [0x00000000d6f00000, 0x00000000f6280000, 0x0000000100000000)
  eden space 360448K, 98% used [0x00000000d6f00000,0x00000000ec932548,0x00000000ecf00000)
  from space 38912K, 60% used [0x00000000ecf00000,0x00000000ee5fe060,0x00000000ef500000)
  to   space 39424K, 0% used [0x00000000f3c00000,0x00000000f3c00000,0x00000000f6280000)
 ParOldGen       total 92672K, used 48038K [0x0000000084c00000, 0x000000008a680000, 0x00000000d6f00000)
  object space 92672K, 51% used [0x0000000084c00000,0x0000000087ae9b90,0x000000008a680000)
 Metaspace       used 28552K, capacity 28910K, committed 29056K, reserved 1075200K
  class space    used 3259K, capacity 3369K, committed 3456K, reserved 1048576K
Event: 31,201 GC heap after
Heap after GC invocations=11 (full 1):
 PSYoungGen      total 455680K, used 23720K [0x00000000d6f00000, 0x00000000f5a80000, 0x0000000100000000)
  eden space 424448K, 0% used [0x00000000d6f00000,0x00000000d6f00000,0x00000000f0d80000)
  from space 31232K, 75% used [0x00000000f3c00000,0x00000000f532a050,0x00000000f5a80000)
  to   space 39424K, 0% used [0x00000000f0d80000,0x00000000f0d80000,0x00000000f3400000)
 ParOldGen       total 92672K, used 48046K [0x0000000084c00000, 0x000000008a680000, 0x00000000d6f00000)
  object space 92672K, 51% used [0x0000000084c00000,0x0000000087aebb90,0x000000008a680000)
 Metaspace       used 28552K, capacity 28910K, committed 29056K, reserved 1075200K
  class space    used 3259K, capacity 3369K, committed 3456K, reserved 1048576K
}
Event: 39,137 GC heap before
{Heap before GC invocations=12 (full 1):
 PSYoungGen      total 455680K, used 441257K [0x00000000d6f00000, 0x00000000f5a80000, 0x0000000100000000)
  eden space 424448K, 98% used [0x00000000d6f00000,0x00000000f06c04a0,0x00000000f0d80000)
  from space 31232K, 75% used [0x00000000f3c00000,0x00000000f532a050,0x00000000f5a80000)
  to   space 39424K, 0% used [0x00000000f0d80000,0x00000000f0d80000,0x00000000f3400000)
 ParOldGen       total 92672K, used 48046K [0x0000000084c00000, 0x000000008a680000, 0x00000000d6f00000)
  object space 92672K, 51% used [0x0000000084c00000,0x0000000087aebb90,0x000000008a680000)
 Metaspace       used 28782K, capacity 29166K, committed 29312K, reserved 1075200K
  class space    used 3260K, capacity 3369K, committed 3456K, reserved 1048576K
Event: 39,148 GC heap after
Heap after GC invocations=12 (full 1):
 PSYoungGen      total 463872K, used 23656K [0x00000000d6f00000, 0x00000000f9780000, 0x0000000100000000)
  eden space 424448K, 0% used [0x00000000d6f00000,0x00000000d6f00000,0x00000000f0d80000)
  from space 39424K, 60% used [0x00000000f0d80000,0x00000000f249a050,0x00000000f3400000)
  to   space 39424K, 0% used [0x00000000f7100000,0x00000000f7100000,0x00000000f9780000)
 ParOldGen       total 92672K, used 48054K [0x0000000084c00000, 0x000000008a680000, 0x00000000d6f00000)
  object space 92672K, 51% used [0x0000000084c00000,0x0000000087aedb90,0x000000008a680000)
 Metaspace       used 28782K, capacity 29166K, committed 29312K, reserved 1075200K
  class space    used 3260K, capacity 3369K, committed 3456K, reserved 1048576K
}

