# JRE version: Java(TM) SE Runtime Environment (8.0_161-b12) (build 1.8.0_161-b12)
# Java VM: Java HotSpot(TM) 64-Bit Server VM (25.161-b12 mixed mode linux-amd64 compressed oops)
Heap:
 PSYoungGen      total 336384K, used 258088K [0x00000000d6f00000, 0x00000000ee400000, 0x0000000100000000)
  eden space 305152K, 76% used [0x00000000d6f00000,0x00000000e52df068,0x00000000e9900000)
  from space 31232K, 79% used [0x00000000ec580000,0x00000000eddab030,0x00000000ee400000)
  to   space 38400K, 0% used [0x00000000e9900000,0x00000000e9900000,0x00000000ebe80000)
 ParOldGen       total 140288K, used 52692K [0x0000000084c00000, 0x000000008d500000, 0x00000000d6f00000)
  object space 140288K, 37% used [0x0000000084c00000,0x0000000087f751a8,0x000000008d500000)
 Metaspace       used 28109K, capacity 28450K, committed 28800K, reserved 1075200K
  class space    used 3265K, capacity 3369K, committed 3456K, reserved 1048576K
GC Heap History (10 events):
Event: 19,374 GC heap before
{Heap before GC invocations=10 (full 1):
 PSYoungGen      total 203264K, used 199223K [0x00000000d6f00000, 0x00000000e7e00000, 0x0000000100000000)
  eden space 194560K, 97% used [0x00000000d6f00000,0x00000000e2912a90,0x00000000e2d00000)
  from space 8704K, 99% used [0x00000000e7580000,0x00000000e7dfb428,0x00000000e7e00000)
  to   space 14848K, 0% used [0x00000000e6100000,0x00000000e6100000,0x00000000e6f80000)
 ParOldGen       total 76288K, used 24565K [0x0000000084c00000, 0x0000000089680000, 0x00000000d6f00000)
  object space 76288K, 32% used [0x0000000084c00000,0x00000000863fd710,0x0000000089680000)
 Metaspace       used 27383K, capacity 27782K, committed 28032K, reserved 1073152K
  class space    used 3240K, capacity 3365K, committed 3456K, reserved 1048576K
Event: 19,402 GC heap after
Heap after GC invocations=10 (full 1):
 PSYoungGen      total 262656K, used 14820K [0x00000000d6f00000, 0x00000000ea580000, 0x0000000100000000)
  eden space 247808K, 0% used [0x00000000d6f00000,0x00000000d6f00000,0x00000000e6100000)
  from space 14848K, 99% used [0x00000000e6100000,0x00000000e6f79040,0x00000000e6f80000)
  to   space 33792K, 0% used [0x00000000e8480000,0x00000000e8480000,0x00000000ea580000)
 ParOldGen       total 76288K, used 66697K [0x0000000084c00000, 0x0000000089680000, 0x00000000d6f00000)
  object space 76288K, 87% used [0x0000000084c00000,0x0000000088d22738,0x0000000089680000)
 Metaspace       used 27383K, capacity 27782K, committed 28032K, reserved 1073152K
  class space    used 3240K, capacity 3365K, committed 3456K, reserved 1048576K
}
Event: 19,402 GC heap before
{Heap before GC invocations=11 (full 2):
 PSYoungGen      total 262656K, used 14820K [0x00000000d6f00000, 0x00000000ea580000, 0x0000000100000000)
  eden space 247808K, 0% used [0x00000000d6f00000,0x00000000d6f00000,0x00000000e6100000)
  from space 14848K, 99% used [0x00000000e6100000,0x00000000e6f79040,0x00000000e6f80000)
  to   space 33792K, 0% used [0x00000000e8480000,0x00000000e8480000,0x00000000ea580000)
 ParOldGen       total 76288K, used 66697K [0x0000000084c00000, 0x0000000089680000, 0x00000000d6f00000)
  object space 76288K, 87% used [0x0000000084c00000,0x0000000088d22738,0x0000000089680000)
 Metaspace       used 27383K, capacity 27782K, committed 28032K, reserved 1073152K
  class space    used 3240K, capacity 3365K, committed 3456K, reserved 1048576K
Event: 19,511 GC heap after
Heap after GC invocations=11 (full 2):
 PSYoungGen      total 262656K, used 0K [0x00000000d6f00000, 0x00000000ea580000, 0x0000000100000000)
  eden space 247808K, 0% used [0x00000000d6f00000,0x00000000d6f00000,0x00000000e6100000)
  from space 14848K, 0% used [0x00000000e6100000,0x00000000e6100000,0x00000000e6f80000)
  to   space 33792K, 0% used [0x00000000e8480000,0x00000000e8480000,0x00000000ea580000)
 ParOldGen       total 140288K, used 52676K [0x0000000084c00000, 0x000000008d500000, 0x00000000d6f00000)
  object space 140288K, 37% used [0x0000000084c00000,0x0000000087f711a8,0x000000008d500000)
 Metaspace       used 27383K, capacity 27782K, committed 28032K, reserved 1073152K
  class space    used 3240K, capacity 3365K, committed 3456K, reserved 1048576K
}
Event: 24,420 GC heap before
{Heap before GC invocations=12 (full 2):
 PSYoungGen      total 262656K, used 244893K [0x00000000d6f00000, 0x00000000ea580000, 0x0000000100000000)
  eden space 247808K, 98% used [0x00000000d6f00000,0x00000000e5e27740,0x00000000e6100000)
  from space 14848K, 0% used [0x00000000e6100000,0x00000000e6100000,0x00000000e6f80000)
  to   space 33792K, 0% used [0x00000000e8480000,0x00000000e8480000,0x00000000ea580000)
 ParOldGen       total 140288K, used 52676K [0x0000000084c00000, 0x000000008d500000, 0x00000000d6f00000)
  object space 140288K, 37% used [0x0000000084c00000,0x0000000087f711a8,0x000000008d500000)
 Metaspace       used 27425K, capacity 27786K, committed 28032K, reserved 1073152K
  class space    used 3240K, capacity 3365K, committed 3456K, reserved 1048576K
Event: 24,434 GC heap after
Heap after GC invocations=12 (full 2):
 PSYoungGen      total 282112K, used 24460K [0x00000000d6f00000, 0x00000000eef80000, 0x0000000100000000)
  eden space 248320K, 0% used [0x00000000d6f00000,0x00000000d6f00000,0x00000000e6180000)
  from space 33792K, 72% used [0x00000000e8480000,0x00000000e9c63030,0x00000000ea580000)
  to   space 35840K, 0% used [0x00000000e6180000,0x00000000e6180000,0x00000000e8480000)
 ParOldGen       total 140288K, used 52684K [0x0000000084c00000, 0x000000008d500000, 0x00000000d6f00000)
  object space 140288K, 37% used [0x0000000084c00000,0x0000000087f731a8,0x000000008d500000)
 Metaspace       used 27425K, capacity 27786K, committed 28032K, reserved 1073152K
  class space    used 3240K, capacity 3365K, committed 3456K, reserved 1048576K
}
Event: 29,691 GC heap before
{Heap before GC invocations=13 (full 2):
 PSYoungGen      total 282112K, used 270032K [0x00000000d6f00000, 0x00000000eef80000, 0x0000000100000000)
  eden space 248320K, 98% used [0x00000000d6f00000,0x00000000e5ed1158,0x00000000e6180000)
  from space 33792K, 72% used [0x00000000e8480000,0x00000000e9c63030,0x00000000ea580000)
  to   space 35840K, 0% used [0x00000000e6180000,0x00000000e6180000,0x00000000e8480000)
 ParOldGen       total 140288K, used 52684K [0x0000000084c00000, 0x000000008d500000, 0x00000000d6f00000)
  object space 140288K, 37% used [0x0000000084c00000,0x0000000087f731a8,0x000000008d500000)
 Metaspace       used 27972K, capacity 28322K, committed 28544K, reserved 1075200K
  class space    used 3255K, capacity 3369K, committed 3456K, reserved 1048576K
Event: 29,698 GC heap after
Heap after GC invocations=13 (full 2):
 PSYoungGen      total 284160K, used 24922K [0x00000000d6f00000, 0x00000000eea00000, 0x0000000100000000)
  eden space 248320K, 0% used [0x00000000d6f00000,0x00000000d6f00000,0x00000000e6180000)
  from space 35840K, 69% used [0x00000000e6180000,0x00000000e79d6b00,0x00000000e8480000)
  to   space 37376K, 0% used [0x00000000ec580000,0x00000000ec580000,0x00000000eea00000)
 ParOldGen       total 140288K, used 52692K [0x0000000084c00000, 0x000000008d500000, 0x00000000d6f00000)
  object space 140288K, 37% used [0x0000000084c00000,0x0000000087f751a8,0x000000008d500000)
 Metaspace       used 27972K, capacity 28322K, committed 28544K, reserved 1075200K
  class space    used 3255K, capacity 3369K, committed 3456K, reserved 1048576K
}
Event: 34,261 GC heap before
{Heap before GC invocations=14 (full 2):
 PSYoungGen      total 284160K, used 266875K [0x00000000d6f00000, 0x00000000eea00000, 0x0000000100000000)
  eden space 248320K, 97% used [0x00000000d6f00000,0x00000000e5b48150,0x00000000e6180000)
  from space 35840K, 69% used [0x00000000e6180000,0x00000000e79d6b00,0x00000000e8480000)
  to   space 37376K, 0% used [0x00000000ec580000,0x00000000ec580000,0x00000000eea00000)
 ParOldGen       total 140288K, used 52692K [0x0000000084c00000, 0x000000008d500000, 0x00000000d6f00000)
  object space 140288K, 37% used [0x0000000084c00000,0x0000000087f751a8,0x000000008d500000)
 Metaspace       used 28015K, capacity 28386K, committed 28544K, reserved 1075200K
  class space    used 3256K, capacity 3369K, committed 3456K, reserved 1048576K
Event: 34,270 GC heap after
Heap after GC invocations=14 (full 2):
 PSYoungGen      total 336384K, used 24748K [0x00000000d6f00000, 0x00000000ee400000, 0x0000000100000000)
  eden space 305152K, 0% used [0x00000000d6f00000,0x00000000d6f00000,0x00000000e9900000)
  from space 31232K, 79% used [0x00000000ec580000,0x00000000eddab030,0x00000000ee400000)
  to   space 38400K, 0% used [0x00000000e9900000,0x00000000e9900000,0x00000000ebe80000)
 ParOldGen       total 140288K, used 52692K [0x0000000084c00000, 0x000000008d500000, 0x00000000d6f00000)
  object space 140288K, 37% used [0x0000000084c00000,0x0000000087f751a8,0x000000008d500000)
 Metaspace       used 28015K, capacity 28386K, committed 28544K, reserved 1075200K
  class space    used 3256K, capacity 3369K, committed 3456K, reserved 1048576K
}

