# JRE version: Java(TM) SE Runtime Environment (8.0_161-b12) (build 1.8.0_161-b12)
# Java VM: Java HotSpot(TM) 64-Bit Server VM (25.161-b12 mixed mode linux-amd64 compressed oops)
Heap:
 PSYoungGen      total 545792K, used 176251K [0x00000000d6f00000, 0x00000000fb900000, 0x0000000100000000)
  eden space 519168K, 29% used [0x00000000d6f00000,0x00000000e02a3f30,0x00000000f6a00000)
  from space 26624K, 94% used [0x00000000f9f00000,0x00000000fb77b040,0x00000000fb900000)
  to   space 40448K, 0% used [0x00000000f6a00000,0x00000000f6a00000,0x00000000f9180000)
 ParOldGen       total 150016K, used 55669K [0x0000000084c00000, 0x000000008de80000, 0x00000000d6f00000)
  object space 150016K, 37% used [0x0000000084c00000,0x000000008825d640,0x000000008de80000)
 Metaspace       used 28296K, capacity 28646K, committed 28800K, reserved 1075200K
  class space    used 3264K, capacity 3369K, committed 3456K, reserved 1048576K
GC Heap History (10 events):
Event: 17,931 GC heap before
{Heap before GC invocations=10 (full 2):
 PSYoungGen      total 269824K, used 253952K [0x00000000d6f00000, 0x00000000f2300000, 0x0000000100000000)
  eden space 253952K, 100% used [0x00000000d6f00000,0x00000000e6700000,0x00000000e6700000)
  from space 15872K, 0% used [0x00000000e6700000,0x00000000e6700000,0x00000000e7680000)
  to   space 36352K, 0% used [0x00000000eff80000,0x00000000eff80000,0x00000000f2300000)
 ParOldGen       total 150016K, used 55629K [0x0000000084c00000, 0x000000008de80000, 0x00000000d6f00000)
  object space 150016K, 37% used [0x0000000084c00000,0x0000000088253640,0x000000008de80000)
 Metaspace       used 27866K, capacity 28194K, committed 28544K, reserved 1075200K
  class space    used 3254K, capacity 3369K, committed 3456K, reserved 1048576K
Event: 17,941 GC heap after
Heap after GC invocations=10 (full 2):
 PSYoungGen      total 408576K, used 25158K [0x00000000d6f00000, 0x00000000f2880000, 0x0000000100000000)
  eden space 372224K, 0% used [0x00000000d6f00000,0x00000000d6f00000,0x00000000eda80000)
  from space 36352K, 69% used [0x00000000eff80000,0x00000000f1811a00,0x00000000f2300000)
  to   space 37888K, 0% used [0x00000000eda80000,0x00000000eda80000,0x00000000eff80000)
 ParOldGen       total 150016K, used 55637K [0x0000000084c00000, 0x000000008de80000, 0x00000000d6f00000)
  object space 150016K, 37% used [0x0000000084c00000,0x0000000088255640,0x000000008de80000)
 Metaspace       used 27866K, capacity 28194K, committed 28544K, reserved 1075200K
  class space    used 3254K, capacity 3369K, committed 3456K, reserved 1048576K
}
Event: 24,628 GC heap before
{Heap before GC invocations=11 (full 2):
 PSYoungGen      total 408576K, used 394624K [0x00000000d6f00000, 0x00000000f2880000, 0x0000000100000000)
  eden space 372224K, 99% used [0x00000000d6f00000,0x00000000ed7ce6b8,0x00000000eda80000)
  from space 36352K, 69% used [0x00000000eff80000,0x00000000f1811a00,0x00000000f2300000)
  to   space 37888K, 0% used [0x00000000eda80000,0x00000000eda80000,0x00000000eff80000)
 ParOldGen       total 150016K, used 55637K [0x0000000084c00000, 0x000000008de80000, 0x00000000d6f00000)
  object space 150016K, 37% used [0x0000000084c00000,0x0000000088255640,0x000000008de80000)
 Metaspace       used 28017K, capacity 28390K, committed 28544K, reserved 1075200K
  class space    used 3254K, capacity 3369K, committed 3456K, reserved 1048576K
Event: 24,636 GC heap after
Heap after GC invocations=11 (full 2):
 PSYoungGen      total 410112K, used 24972K [0x00000000d6f00000, 0x00000000f8280000, 0x0000000100000000)
  eden space 372224K, 0% used [0x00000000d6f00000,0x00000000d6f00000,0x00000000eda80000)
  from space 37888K, 65% used [0x00000000eda80000,0x00000000ef2e3040,0x00000000eff80000)
  to   space 39424K, 0% used [0x00000000f5c00000,0x00000000f5c00000,0x00000000f8280000)
 ParOldGen       total 150016K, used 55645K [0x0000000084c00000, 0x000000008de80000, 0x00000000d6f00000)
  object space 150016K, 37% used [0x0000000084c00000,0x0000000088257640,0x000000008de80000)
 Metaspace       used 28017K, capacity 28390K, committed 28544K, reserved 1075200K
  class space    used 3254K, capacity 3369K, committed 3456K, reserved 1048576K
}
Event: 31,581 GC heap before
{Heap before GC invocations=12 (full 2):
 PSYoungGen      total 410112K, used 395196K [0x00000000d6f00000, 0x00000000f8280000, 0x0000000100000000)
  eden space 372224K, 99% used [0x00000000d6f00000,0x00000000ed88c088,0x00000000eda80000)
  from space 37888K, 65% used [0x00000000eda80000,0x00000000ef2e3040,0x00000000eff80000)
  to   space 39424K, 0% used [0x00000000f5c00000,0x00000000f5c00000,0x00000000f8280000)
 ParOldGen       total 150016K, used 55645K [0x0000000084c00000, 0x000000008de80000, 0x00000000d6f00000)
  object space 150016K, 37% used [0x0000000084c00000,0x0000000088257640,0x000000008de80000)
 Metaspace       used 28196K, capacity 28518K, committed 28800K, reserved 1075200K
  class space    used 3254K, capacity 3369K, committed 3456K, reserved 1048576K
Event: 31,590 GC heap after
Heap after GC invocations=12 (full 2):
 PSYoungGen      total 478208K, used 25036K [0x00000000d6f00000, 0x00000000f7600000, 0x0000000100000000)
  eden space 451584K, 0% used [0x00000000d6f00000,0x00000000d6f00000,0x00000000f2800000)
  from space 26624K, 94% used [0x00000000f5c00000,0x00000000f7473040,0x00000000f7600000)
  to   space 39936K, 0% used [0x00000000f2800000,0x00000000f2800000,0x00000000f4f00000)
 ParOldGen       total 150016K, used 55653K [0x0000000084c00000, 0x000000008de80000, 0x00000000d6f00000)
  object space 150016K, 37% used [0x0000000084c00000,0x0000000088259640,0x000000008de80000)
 Metaspace       used 28196K, capacity 28518K, committed 28800K, reserved 1075200K
  class space    used 3254K, capacity 3369K, committed 3456K, reserved 1048576K
}
Event: 39,543 GC heap before
{Heap before GC invocations=13 (full 2):
 PSYoungGen      total 478208K, used 471951K [0x00000000d6f00000, 0x00000000f7600000, 0x0000000100000000)
  eden space 451584K, 98% used [0x00000000d6f00000,0x00000000f2370f28,0x00000000f2800000)
  from space 26624K, 94% used [0x00000000f5c00000,0x00000000f7473040,0x00000000f7600000)
  to   space 39936K, 0% used [0x00000000f2800000,0x00000000f2800000,0x00000000f4f00000)
 ParOldGen       total 150016K, used 55653K [0x0000000084c00000, 0x000000008de80000, 0x00000000d6f00000)
  object space 150016K, 37% used [0x0000000084c00000,0x0000000088259640,0x000000008de80000)
 Metaspace       used 28213K, capacity 28518K, committed 28800K, reserved 1075200K
  class space    used 3254K, capacity 3369K, committed 3456K, reserved 1048576K
Event: 39,552 GC heap after
Heap after GC invocations=13 (full 2):
 PSYoungGen      total 491520K, used 25068K [0x00000000d6f00000, 0x00000000fc680000, 0x0000000100000000)
  eden space 451584K, 0% used [0x00000000d6f00000,0x00000000d6f00000,0x00000000f2800000)
  from space 39936K, 62% used [0x00000000f2800000,0x00000000f407b040,0x00000000f4f00000)
  to   space 40448K, 0% used [0x00000000f9f00000,0x00000000f9f00000,0x00000000fc680000)
 ParOldGen       total 150016K, used 55661K [0x0000000084c00000, 0x000000008de80000, 0x00000000d6f00000)
  object space 150016K, 37% used [0x0000000084c00000,0x000000008825b640,0x000000008de80000)
 Metaspace       used 28213K, capacity 28518K, committed 28800K, reserved 1075200K
  class space    used 3254K, capacity 3369K, committed 3456K, reserved 1048576K
}
Event: 47,498 GC heap before
{Heap before GC invocations=14 (full 2):
 PSYoungGen      total 491520K, used 471749K [0x00000000d6f00000, 0x00000000fc680000, 0x0000000100000000)
  eden space 451584K, 98% used [0x00000000d6f00000,0x00000000f23365b0,0x00000000f2800000)
  from space 39936K, 62% used [0x00000000f2800000,0x00000000f407b040,0x00000000f4f00000)
  to   space 40448K, 0% used [0x00000000f9f00000,0x00000000f9f00000,0x00000000fc680000)
 ParOldGen       total 150016K, used 55661K [0x0000000084c00000, 0x000000008de80000, 0x00000000d6f00000)
  object space 150016K, 37% used [0x0000000084c00000,0x000000008825b640,0x000000008de80000)
 Metaspace       used 28231K, capacity 28582K, committed 28800K, reserved 1075200K
  class space    used 3254K, capacity 3369K, committed 3456K, reserved 1048576K
Event: 47,506 GC heap after
Heap after GC invocations=14 (full 2):
 PSYoungGen      total 545792K, used 25068K [0x00000000d6f00000, 0x00000000fb900000, 0x0000000100000000)
  eden space 519168K, 0% used [0x00000000d6f00000,0x00000000d6f00000,0x00000000f6a00000)
  from space 26624K, 94% used [0x00000000f9f00000,0x00000000fb77b040,0x00000000fb900000)
  to   space 40448K, 0% used [0x00000000f6a00000,0x00000000f6a00000,0x00000000f9180000)
 ParOldGen       total 150016K, used 55669K [0x0000000084c00000, 0x000000008de80000, 0x00000000d6f00000)
  object space 150016K, 37% used [0x0000000084c00000,0x000000008825d640,0x000000008de80000)
 Metaspace       used 28231K, capacity 28582K, committed 28800K, reserved 1075200K
  class space    used 3254K, capacity 3369K, committed 3456K, reserved 1048576K
}

