# JRE version: Java(TM) SE Runtime Environment (8.0_161-b12) (build 1.8.0_161-b12)
# Java VM: Java HotSpot(TM) 64-Bit Server VM (25.161-b12 mixed mode linux-amd64 compressed oops)
Heap:
 PSYoungGen      total 417280K, used 70420K [0x00000000d6f00000, 0x00000000f8b00000, 0x0000000100000000)
  eden space 382464K, 18% used [0x00000000d6f00000,0x00000000db3c50b0,0x00000000ee480000)
  from space 34816K, 0% used [0x00000000ee480000,0x00000000ee480000,0x00000000f0680000)
  to   space 35840K, 0% used [0x00000000f6800000,0x00000000f6800000,0x00000000f8b00000)
 ParOldGen       total 179200K, used 79362K [0x0000000084c00000, 0x000000008fb00000, 0x00000000d6f00000)
  object space 179200K, 44% used [0x0000000084c00000,0x0000000089980b00,0x000000008fb00000)
 Metaspace       used 28391K, capacity 28714K, committed 28800K, reserved 1075200K
  class space    used 3332K, capacity 3433K, committed 3456K, reserved 1048576K
GC Heap History (10 events):
Event: 4,181 GC heap before
{Heap before GC invocations=7 (full 1):
 PSYoungGen      total 274944K, used 8781K [0x00000000d6f00000, 0x00000000e9300000, 0x0000000100000000)
  eden space 253952K, 0% used [0x00000000d6f00000,0x00000000d6f00000,0x00000000e6700000)
  from space 20992K, 41% used [0x00000000e7e80000,0x00000000e8713538,0x00000000e9300000)
  to   space 22528K, 0% used [0x00000000e6700000,0x00000000e6700000,0x00000000e7d00000)
 ParOldGen       total 84992K, used 31969K [0x0000000084c00000, 0x0000000089f00000, 0x00000000d6f00000)
  object space 84992K, 37% used [0x0000000084c00000,0x0000000086b385d0,0x0000000089f00000)
 Metaspace       used 21004K, capacity 21144K, committed 21296K, reserved 1069056K
  class space    used 2441K, capacity 2528K, committed 2560K, reserved 1048576K
Event: 4,261 GC heap after
Heap after GC invocations=7 (full 1):
 PSYoungGen      total 274944K, used 0K [0x00000000d6f00000, 0x00000000e9300000, 0x0000000100000000)
  eden space 253952K, 0% used [0x00000000d6f00000,0x00000000d6f00000,0x00000000e6700000)
  from space 20992K, 0% used [0x00000000e7e80000,0x00000000e7e80000,0x00000000e9300000)
  to   space 22528K, 0% used [0x00000000e6700000,0x00000000e6700000,0x00000000e7d00000)
 ParOldGen       total 84480K, used 22279K [0x0000000084c00000, 0x0000000089e80000, 0x00000000d6f00000)
  object space 84480K, 26% used [0x0000000084c00000,0x00000000861c1c50,0x0000000089e80000)
 Metaspace       used 21004K, capacity 21144K, committed 21296K, reserved 1069056K
  class space    used 2441K, capacity 2528K, committed 2560K, reserved 1048576K
}
Event: 11,868 GC heap before
{Heap before GC invocations=8 (full 1):
 PSYoungGen      total 274944K, used 248741K [0x00000000d6f00000, 0x00000000e9300000, 0x0000000100000000)
  eden space 253952K, 97% used [0x00000000d6f00000,0x00000000e61e9650,0x00000000e6700000)
  from space 20992K, 0% used [0x00000000e7e80000,0x00000000e7e80000,0x00000000e9300000)
  to   space 22528K, 0% used [0x00000000e6700000,0x00000000e6700000,0x00000000e7d00000)
 ParOldGen       total 84480K, used 22279K [0x0000000084c00000, 0x0000000089e80000, 0x00000000d6f00000)
  object space 84480K, 26% used [0x0000000084c00000,0x00000000861c1c50,0x0000000089e80000)
 Metaspace       used 27348K, capacity 27726K, committed 28032K, reserved 1073152K
  class space    used 3240K, capacity 3365K, committed 3456K, reserved 1048576K
Event: 11,888 GC heap after
Heap after GC invocations=8 (full 1):
 PSYoungGen      total 276480K, used 22504K [0x00000000d6f00000, 0x00000000f3280000, 0x0000000100000000)
  eden space 253952K, 0% used [0x00000000d6f00000,0x00000000d6f00000,0x00000000e6700000)
  from space 22528K, 99% used [0x00000000e6700000,0x00000000e7cfa050,0x00000000e7d00000)
  to   space 33280K, 0% used [0x00000000f1200000,0x00000000f1200000,0x00000000f3280000)
 ParOldGen       total 84480K, used 35360K [0x0000000084c00000, 0x0000000089e80000, 0x00000000d6f00000)
  object space 84480K, 41% used [0x0000000084c00000,0x0000000086e88070,0x0000000089e80000)
 Metaspace       used 27348K, capacity 27726K, committed 28032K, reserved 1073152K
  class space    used 3240K, capacity 3365K, committed 3456K, reserved 1048576K
}
Event: 16,847 GC heap before
{Heap before GC invocations=9 (full 1):
 PSYoungGen      total 276480K, used 269818K [0x00000000d6f00000, 0x00000000f3280000, 0x0000000100000000)
  eden space 253952K, 97% used [0x00000000d6f00000,0x00000000e6084818,0x00000000e6700000)
  from space 22528K, 99% used [0x00000000e6700000,0x00000000e7cfa050,0x00000000e7d00000)
  to   space 33280K, 0% used [0x00000000f1200000,0x00000000f1200000,0x00000000f3280000)
 ParOldGen       total 84480K, used 35360K [0x0000000084c00000, 0x0000000089e80000, 0x00000000d6f00000)
  object space 84480K, 41% used [0x0000000084c00000,0x0000000086e88070,0x0000000089e80000)
 Metaspace       used 27396K, capacity 27726K, committed 28032K, reserved 1073152K
  class space    used 3240K, capacity 3365K, committed 3456K, reserved 1048576K
Event: 16,857 GC heap after
Heap after GC invocations=9 (full 1):
 PSYoungGen      total 402432K, used 22760K [0x00000000d6f00000, 0x00000000f2880000, 0x0000000100000000)
  eden space 379392K, 0% used [0x00000000d6f00000,0x00000000d6f00000,0x00000000ee180000)
  from space 23040K, 98% used [0x00000000f1200000,0x00000000f283a060,0x00000000f2880000)
  to   space 34816K, 0% used [0x00000000ee480000,0x00000000ee480000,0x00000000f0680000)
 ParOldGen       total 84480K, used 35368K [0x0000000084c00000, 0x0000000089e80000, 0x00000000d6f00000)
  object space 84480K, 41% used [0x0000000084c00000,0x0000000086e8a070,0x0000000089e80000)
 Metaspace       used 27396K, capacity 27726K, committed 28032K, reserved 1073152K
  class space    used 3240K, capacity 3365K, committed 3456K, reserved 1048576K
}
Event: 24,016 GC heap before
{Heap before GC invocations=10 (full 1):
 PSYoungGen      total 402432K, used 402152K [0x00000000d6f00000, 0x00000000f2880000, 0x0000000100000000)
  eden space 379392K, 100% used [0x00000000d6f00000,0x00000000ee180000,0x00000000ee180000)
  from space 23040K, 98% used [0x00000000f1200000,0x00000000f283a060,0x00000000f2880000)
  to   space 34816K, 0% used [0x00000000ee480000,0x00000000ee480000,0x00000000f0680000)
 ParOldGen       total 84480K, used 43468K [0x0000000084c00000, 0x0000000089e80000, 0x00000000d6f00000)
  object space 84480K, 51% used [0x0000000084c00000,0x0000000087673080,0x0000000089e80000)
 Metaspace       used 28302K, capacity 28650K, committed 28800K, reserved 1075200K
  class space    used 3321K, capacity 3433K, committed 3456K, reserved 1048576K
Event: 24,057 GC heap after
Heap after GC invocations=10 (full 1):
 PSYoungGen      total 417280K, used 23441K [0x00000000d6f00000, 0x00000000f8b00000, 0x0000000100000000)
  eden space 382464K, 0% used [0x00000000d6f00000,0x00000000d6f00000,0x00000000ee480000)
  from space 34816K, 67% used [0x00000000ee480000,0x00000000efb64750,0x00000000f0680000)
  to   space 35840K, 0% used [0x00000000f6800000,0x00000000f6800000,0x00000000f8b00000)
 ParOldGen       total 100864K, used 92076K [0x0000000084c00000, 0x000000008ae80000, 0x00000000d6f00000)
  object space 100864K, 91% used [0x0000000084c00000,0x000000008a5eb0b0,0x000000008ae80000)
 Metaspace       used 28302K, capacity 28650K, committed 28800K, reserved 1075200K
  class space    used 3321K, capacity 3433K, committed 3456K, reserved 1048576K
}
Event: 24,057 GC heap before
{Heap before GC invocations=11 (full 2):
 PSYoungGen      total 417280K, used 23441K [0x00000000d6f00000, 0x00000000f8b00000, 0x0000000100000000)
  eden space 382464K, 0% used [0x00000000d6f00000,0x00000000d6f00000,0x00000000ee480000)
  from space 34816K, 67% used [0x00000000ee480000,0x00000000efb64750,0x00000000f0680000)
  to   space 35840K, 0% used [0x00000000f6800000,0x00000000f6800000,0x00000000f8b00000)
 ParOldGen       total 100864K, used 92076K [0x0000000084c00000, 0x000000008ae80000, 0x00000000d6f00000)
  object space 100864K, 91% used [0x0000000084c00000,0x000000008a5eb0b0,0x000000008ae80000)
 Metaspace       used 28302K, capacity 28650K, committed 28800K, reserved 1075200K
  class space    used 3321K, capacity 3433K, committed 3456K, reserved 1048576K
Event: 24,158 GC heap after
Heap after GC invocations=11 (full 2):
 PSYoungGen      total 417280K, used 0K [0x00000000d6f00000, 0x00000000f8b00000, 0x0000000100000000)
  eden space 382464K, 0% used [0x00000000d6f00000,0x00000000d6f00000,0x00000000ee480000)
  from space 34816K, 0% used [0x00000000ee480000,0x00000000ee480000,0x00000000f0680000)
  to   space 35840K, 0% used [0x00000000f6800000,0x00000000f6800000,0x00000000f8b00000)
 ParOldGen       total 179200K, used 79362K [0x0000000084c00000, 0x000000008fb00000, 0x00000000d6f00000)
  object space 179200K, 44% used [0x0000000084c00000,0x0000000089980b00,0x000000008fb00000)
 Metaspace       used 28302K, capacity 28650K, committed 28800K, reserved 1075200K
  class space    used 3321K, capacity 3433K, committed 3456K, reserved 1048576K
}

