# JRE version: Java(TM) SE Runtime Environment (8.0_161-b12) (build 1.8.0_161-b12)
# Java VM: Java HotSpot(TM) 64-Bit Server VM (25.161-b12 mixed mode linux-amd64 compressed oops)
Heap:
 PSYoungGen      total 440320K, used 38359K [0x00000000d6f00000, 0x00000000f5e80000, 0x0000000100000000)
  eden space 400384K, 5% used [0x00000000d6f00000,0x00000000d832ef18,0x00000000ef600000)
  from space 39936K, 44% used [0x00000000ef600000,0x00000000f0746f00,0x00000000f1d00000)
  to   space 37888K, 0% used [0x00000000f3980000,0x00000000f3980000,0x00000000f5e80000)
 ParOldGen       total 140288K, used 55395K [0x0000000084c00000, 0x000000008d500000, 0x00000000d6f00000)
  object space 140288K, 39% used [0x0000000084c00000,0x0000000088218cd0,0x000000008d500000)
 Metaspace       used 28751K, capacity 29102K, committed 29312K, reserved 1075200K
  class space    used 3327K, capacity 3435K, committed 3456K, reserved 1048576K
GC Heap History (10 events):
Event: 38,432 GC heap before
{Heap before GC invocations=15 (full 2):
 PSYoungGen      total 328192K, used 318807K [0x00000000d6f00000, 0x00000000eda00000, 0x0000000100000000)
  eden space 297984K, 98% used [0x00000000d6f00000,0x00000000e8e32ee8,0x00000000e9200000)
  from space 30208K, 81% used [0x00000000ebc80000,0x00000000ed4a3040,0x00000000eda00000)
  to   space 36864K, 0% used [0x00000000e9200000,0x00000000e9200000,0x00000000eb600000)
 ParOldGen       total 140288K, used 55363K [0x0000000084c00000, 0x000000008d500000, 0x00000000d6f00000)
  object space 140288K, 39% used [0x0000000084c00000,0x0000000088210cd0,0x000000008d500000)
 Metaspace       used 27909K, capacity 28258K, committed 28544K, reserved 1075200K
  class space    used 3252K, capacity 3369K, committed 3456K, reserved 1048576K
Event: 38,448 GC heap after
Heap after GC invocations=15 (full 2):
 PSYoungGen      total 334848K, used 25236K [0x00000000d6f00000, 0x00000000f1800000, 0x0000000100000000)
  eden space 297984K, 0% used [0x00000000d6f00000,0x00000000d6f00000,0x00000000e9200000)
  from space 36864K, 68% used [0x00000000e9200000,0x00000000eaaa5220,0x00000000eb600000)
  to   space 37888K, 0% used [0x00000000ef300000,0x00000000ef300000,0x00000000f1800000)
 ParOldGen       total 140288K, used 55371K [0x0000000084c00000, 0x000000008d500000, 0x00000000d6f00000)
  object space 140288K, 39% used [0x0000000084c00000,0x0000000088212cd0,0x000000008d500000)
 Metaspace       used 27909K, capacity 28258K, committed 28544K, reserved 1075200K
  class space    used 3252K, capacity 3369K, committed 3456K, reserved 1048576K
}
Event: 44,033 GC heap before
{Heap before GC invocations=16 (full 2):
 PSYoungGen      total 334848K, used 323023K [0x00000000d6f00000, 0x00000000f1800000, 0x0000000100000000)
  eden space 297984K, 99% used [0x00000000d6f00000,0x00000000e91cec50,0x00000000e9200000)
  from space 36864K, 68% used [0x00000000e9200000,0x00000000eaaa5220,0x00000000eb600000)
  to   space 37888K, 0% used [0x00000000ef300000,0x00000000ef300000,0x00000000f1800000)
 ParOldGen       total 140288K, used 55371K [0x0000000084c00000, 0x000000008d500000, 0x00000000d6f00000)
  object space 140288K, 39% used [0x0000000084c00000,0x0000000088212cd0,0x000000008d500000)
 Metaspace       used 28078K, capacity 28450K, committed 28800K, reserved 1075200K
  class space    used 3261K, capacity 3369K, committed 3456K, reserved 1048576K
Event: 44,042 GC heap after
Heap after GC invocations=16 (full 2):
 PSYoungGen      total 382976K, used 25228K [0x00000000d6f00000, 0x00000000f1200000, 0x0000000100000000)
  eden space 351232K, 0% used [0x00000000d6f00000,0x00000000d6f00000,0x00000000ec600000)
  from space 31744K, 79% used [0x00000000ef300000,0x00000000f0ba3040,0x00000000f1200000)
  to   space 38912K, 0% used [0x00000000ec600000,0x00000000ec600000,0x00000000eec00000)
 ParOldGen       total 140288K, used 55379K [0x0000000084c00000, 0x000000008d500000, 0x00000000d6f00000)
  object space 140288K, 39% used [0x0000000084c00000,0x0000000088214cd0,0x000000008d500000)
 Metaspace       used 28078K, capacity 28450K, committed 28800K, reserved 1075200K
  class space    used 3261K, capacity 3369K, committed 3456K, reserved 1048576K
}
Event: 50,539 GC heap before
{Heap before GC invocations=17 (full 2):
 PSYoungGen      total 382976K, used 374519K [0x00000000d6f00000, 0x00000000f1200000, 0x0000000100000000)
  eden space 351232K, 99% used [0x00000000d6f00000,0x00000000ec41ad38,0x00000000ec600000)
  from space 31744K, 79% used [0x00000000ef300000,0x00000000f0ba3040,0x00000000f1200000)
  to   space 38912K, 0% used [0x00000000ec600000,0x00000000ec600000,0x00000000eec00000)
 ParOldGen       total 140288K, used 55379K [0x0000000084c00000, 0x000000008d500000, 0x00000000d6f00000)
  object space 140288K, 39% used [0x0000000084c00000,0x0000000088214cd0,0x000000008d500000)
 Metaspace       used 28135K, capacity 28462K, committed 28800K, reserved 1075200K
  class space    used 3262K, capacity 3371K, committed 3456K, reserved 1048576K
Event: 50,549 GC heap after
Heap after GC invocations=17 (full 2):
 PSYoungGen      total 390144K, used 25228K [0x00000000d6f00000, 0x00000000f4800000, 0x0000000100000000)
  eden space 351232K, 0% used [0x00000000d6f00000,0x00000000d6f00000,0x00000000ec600000)
  from space 38912K, 64% used [0x00000000ec600000,0x00000000edea3040,0x00000000eec00000)
  to   space 39424K, 0% used [0x00000000f2180000,0x00000000f2180000,0x00000000f4800000)
 ParOldGen       total 140288K, used 55387K [0x0000000084c00000, 0x000000008d500000, 0x00000000d6f00000)
  object space 140288K, 39% used [0x0000000084c00000,0x0000000088216cd0,0x000000008d500000)
 Metaspace       used 28135K, capacity 28462K, committed 28800K, reserved 1075200K
  class space    used 3262K, capacity 3371K, committed 3456K, reserved 1048576K
}
Event: 57,016 GC heap before
{Heap before GC invocations=18 (full 2):
 PSYoungGen      total 390144K, used 375166K [0x00000000d6f00000, 0x00000000f4800000, 0x0000000100000000)
  eden space 351232K, 99% used [0x00000000d6f00000,0x00000000ec4bca18,0x00000000ec600000)
  from space 38912K, 64% used [0x00000000ec600000,0x00000000edea3040,0x00000000eec00000)
  to   space 39424K, 0% used [0x00000000f2180000,0x00000000f2180000,0x00000000f4800000)
 ParOldGen       total 140288K, used 55387K [0x0000000084c00000, 0x000000008d500000, 0x00000000d6f00000)
  object space 140288K, 39% used [0x0000000084c00000,0x0000000088216cd0,0x000000008d500000)
 Metaspace       used 28220K, capacity 28526K, committed 28800K, reserved 1075200K
  class space    used 3262K, capacity 3371K, committed 3456K, reserved 1048576K
Event: 57,031 GC heap after
Heap after GC invocations=18 (full 2):
 PSYoungGen      total 435712K, used 25228K [0x00000000d6f00000, 0x00000000f4400000, 0x0000000100000000)
  eden space 400384K, 0% used [0x00000000d6f00000,0x00000000d6f00000,0x00000000ef600000)
  from space 35328K, 71% used [0x00000000f2180000,0x00000000f3a23040,0x00000000f4400000)
  to   space 39936K, 0% used [0x00000000ef600000,0x00000000ef600000,0x00000000f1d00000)
 ParOldGen       total 140288K, used 55387K [0x0000000084c00000, 0x000000008d500000, 0x00000000d6f00000)
  object space 140288K, 39% used [0x0000000084c00000,0x0000000088216cd0,0x000000008d500000)
 Metaspace       used 28220K, capacity 28526K, committed 28800K, reserved 1075200K
  class space    used 3262K, capacity 3371K, committed 3456K, reserved 1048576K
}
Event: 64,005 GC heap before
{Heap before GC invocations=19 (full 2):
 PSYoungGen      total 435712K, used 425612K [0x00000000d6f00000, 0x00000000f4400000, 0x0000000100000000)
  eden space 400384K, 100% used [0x00000000d6f00000,0x00000000ef600000,0x00000000ef600000)
  from space 35328K, 71% used [0x00000000f2180000,0x00000000f3a23040,0x00000000f4400000)
  to   space 39936K, 0% used [0x00000000ef600000,0x00000000ef600000,0x00000000f1d00000)
 ParOldGen       total 140288K, used 55387K [0x0000000084c00000, 0x000000008d500000, 0x00000000d6f00000)
  object space 140288K, 39% used [0x0000000084c00000,0x0000000088216cd0,0x000000008d500000)
 Metaspace       used 28714K, capacity 29038K, committed 29312K, reserved 1075200K
  class space    used 3325K, capacity 3435K, committed 3456K, reserved 1048576K
Event: 64,013 GC heap after
Heap after GC invocations=19 (full 2):
 PSYoungGen      total 440320K, used 17691K [0x00000000d6f00000, 0x00000000f5e80000, 0x0000000100000000)
  eden space 400384K, 0% used [0x00000000d6f00000,0x00000000d6f00000,0x00000000ef600000)
  from space 39936K, 44% used [0x00000000ef600000,0x00000000f0746f00,0x00000000f1d00000)
  to   space 37888K, 0% used [0x00000000f3980000,0x00000000f3980000,0x00000000f5e80000)
 ParOldGen       total 140288K, used 55395K [0x0000000084c00000, 0x000000008d500000, 0x00000000d6f00000)
  object space 140288K, 39% used [0x0000000084c00000,0x0000000088218cd0,0x000000008d500000)
 Metaspace       used 28714K, capacity 29038K, committed 29312K, reserved 1075200K
  class space    used 3325K, capacity 3435K, committed 3456K, reserved 1048576K
}

