# JRE version: Java(TM) SE Runtime Environment (8.0_161-b12) (build 1.8.0_161-b12)
# Java VM: Java HotSpot(TM) 64-Bit Server VM (25.161-b12 mixed mode linux-amd64 compressed oops)
Heap:
 PSYoungGen      total 265728K, used 94882K [0x00000000d6f00000, 0x00000000ec480000, 0x0000000100000000)
  eden space 238080K, 39% used [0x00000000d6f00000,0x00000000dcba8b78,0x00000000e5780000)
  from space 27648K, 0% used [0x00000000e5780000,0x00000000e5780000,0x00000000e7280000)
  to   space 30208K, 0% used [0x00000000ea700000,0x00000000ea700000,0x00000000ec480000)
 ParOldGen       total 166912K, used 68992K [0x0000000084c00000, 0x000000008ef00000, 0x00000000d6f00000)
  object space 166912K, 41% used [0x0000000084c00000,0x0000000088f601b8,0x000000008ef00000)
 Metaspace       used 28362K, capacity 28706K, committed 28800K, reserved 1075200K
  class space    used 3326K, capacity 3433K, committed 3456K, reserved 1048576K
GC Heap History (10 events):
Event: 8,429 GC heap before
{Heap before GC invocations=9 (full 1):
 PSYoungGen      total 138240K, used 126464K [0x00000000d6f00000, 0x00000000e8500000, 0x0000000100000000)
  eden space 126464K, 100% used [0x00000000d6f00000,0x00000000dea80000,0x00000000dea80000)
  from space 11776K, 0% used [0x00000000dea80000,0x00000000dea80000,0x00000000df600000)
  to   space 15872K, 0% used [0x00000000e7580000,0x00000000e7580000,0x00000000e8500000)
 ParOldGen       total 75264K, used 23167K [0x0000000084c00000, 0x0000000089580000, 0x00000000d6f00000)
  object space 75264K, 30% used [0x0000000084c00000,0x000000008629fc58,0x0000000089580000)
 Metaspace       used 24121K, capacity 24382K, committed 24576K, reserved 1071104K
  class space    used 2892K, capacity 3001K, committed 3072K, reserved 1048576K
Event: 8,439 GC heap after
Heap after GC invocations=9 (full 1):
 PSYoungGen      total 199168K, used 8696K [0x00000000d6f00000, 0x00000000e7e00000, 0x0000000100000000)
  eden space 190464K, 0% used [0x00000000d6f00000,0x00000000d6f00000,0x00000000e2900000)
  from space 8704K, 99% used [0x00000000e7580000,0x00000000e7dfe328,0x00000000e7e00000)
  to   space 14848K, 0% used [0x00000000e6100000,0x00000000e6100000,0x00000000e6f80000)
 ParOldGen       total 75264K, used 23175K [0x0000000084c00000, 0x0000000089580000, 0x00000000d6f00000)
  object space 75264K, 30% used [0x0000000084c00000,0x00000000862a1c58,0x0000000089580000)
 Metaspace       used 24121K, capacity 24382K, committed 24576K, reserved 1071104K
  class space    used 2892K, capacity 3001K, committed 3072K, reserved 1048576K
}
Event: 17,667 GC heap before
{Heap before GC invocations=10 (full 1):
 PSYoungGen      total 199168K, used 194862K [0x00000000d6f00000, 0x00000000e7e00000, 0x0000000100000000)
  eden space 190464K, 97% used [0x00000000d6f00000,0x00000000e24cd880,0x00000000e2900000)
  from space 8704K, 99% used [0x00000000e7580000,0x00000000e7dfe328,0x00000000e7e00000)
  to   space 14848K, 0% used [0x00000000e6100000,0x00000000e6100000,0x00000000e6f80000)
 ParOldGen       total 75264K, used 23175K [0x0000000084c00000, 0x0000000089580000, 0x00000000d6f00000)
  object space 75264K, 30% used [0x0000000084c00000,0x00000000862a1c58,0x0000000089580000)
 Metaspace       used 27358K, capacity 27718K, committed 28032K, reserved 1073152K
  class space    used 3235K, capacity 3365K, committed 3456K, reserved 1048576K
Event: 17,695 GC heap after
Heap after GC invocations=10 (full 1):
 PSYoungGen      total 256000K, used 14820K [0x00000000d6f00000, 0x00000000e8a80000, 0x0000000100000000)
  eden space 241152K, 0% used [0x00000000d6f00000,0x00000000d6f00000,0x00000000e5a80000)
  from space 14848K, 99% used [0x00000000e6100000,0x00000000e6f79040,0x00000000e6f80000)
  to   space 24576K, 0% used [0x00000000e7280000,0x00000000e7280000,0x00000000e8a80000)
 ParOldGen       total 75264K, used 42428K [0x0000000084c00000, 0x0000000089580000, 0x00000000d6f00000)
  object space 75264K, 56% used [0x0000000084c00000,0x000000008756f100,0x0000000089580000)
 Metaspace       used 27358K, capacity 27718K, committed 28032K, reserved 1073152K
  class space    used 3235K, capacity 3365K, committed 3456K, reserved 1048576K
}
Event: 22,512 GC heap before
{Heap before GC invocations=11 (full 1):
 PSYoungGen      total 256000K, used 251388K [0x00000000d6f00000, 0x00000000e8a80000, 0x0000000100000000)
  eden space 241152K, 98% used [0x00000000d6f00000,0x00000000e5606100,0x00000000e5a80000)
  from space 14848K, 99% used [0x00000000e6100000,0x00000000e6f79040,0x00000000e6f80000)
  to   space 24576K, 0% used [0x00000000e7280000,0x00000000e7280000,0x00000000e8a80000)
 ParOldGen       total 75264K, used 42428K [0x0000000084c00000, 0x0000000089580000, 0x00000000d6f00000)
  object space 75264K, 56% used [0x0000000084c00000,0x000000008756f100,0x0000000089580000)
 Metaspace       used 27432K, capacity 27786K, committed 28032K, reserved 1073152K
  class space    used 3235K, capacity 3365K, committed 3456K, reserved 1048576K
Event: 22,522 GC heap after
Heap after GC invocations=11 (full 1):
 PSYoungGen      total 262656K, used 23048K [0x00000000d6f00000, 0x00000000ec680000, 0x0000000100000000)
  eden space 238080K, 0% used [0x00000000d6f00000,0x00000000d6f00000,0x00000000e5780000)
  from space 24576K, 93% used [0x00000000e7280000,0x00000000e8902050,0x00000000e8a80000)
  to   space 27648K, 0% used [0x00000000e5780000,0x00000000e5780000,0x00000000e7280000)
 ParOldGen       total 75264K, used 42436K [0x0000000084c00000, 0x0000000089580000, 0x00000000d6f00000)
  object space 75264K, 56% used [0x0000000084c00000,0x0000000087571100,0x0000000089580000)
 Metaspace       used 27432K, capacity 27786K, committed 28032K, reserved 1073152K
  class space    used 3235K, capacity 3365K, committed 3456K, reserved 1048576K
}
Event: 26,902 GC heap before
{Heap before GC invocations=12 (full 1):
 PSYoungGen      total 262656K, used 255264K [0x00000000d6f00000, 0x00000000ec680000, 0x0000000100000000)
  eden space 238080K, 97% used [0x00000000d6f00000,0x00000000e51c60e8,0x00000000e5780000)
  from space 24576K, 93% used [0x00000000e7280000,0x00000000e8902050,0x00000000e8a80000)
  to   space 27648K, 0% used [0x00000000e5780000,0x00000000e5780000,0x00000000e7280000)
 ParOldGen       total 75264K, used 42436K [0x0000000084c00000, 0x0000000089580000, 0x00000000d6f00000)
  object space 75264K, 56% used [0x0000000084c00000,0x0000000087571100,0x0000000089580000)
 Metaspace       used 27942K, capacity 28290K, committed 28544K, reserved 1075200K
  class space    used 3279K, capacity 3401K, committed 3456K, reserved 1048576K
Event: 26,944 GC heap after
Heap after GC invocations=12 (full 1):
 PSYoungGen      total 265728K, used 23650K [0x00000000d6f00000, 0x00000000ec480000, 0x0000000100000000)
  eden space 238080K, 0% used [0x00000000d6f00000,0x00000000d6f00000,0x00000000e5780000)
  from space 27648K, 85% used [0x00000000e5780000,0x00000000e6e98a88,0x00000000e7280000)
  to   space 30208K, 0% used [0x00000000ea700000,0x00000000ea700000,0x00000000ec480000)
 ParOldGen       total 91648K, used 91044K [0x0000000084c00000, 0x000000008a580000, 0x00000000d6f00000)
  object space 91648K, 99% used [0x0000000084c00000,0x000000008a4e9130,0x000000008a580000)
 Metaspace       used 27942K, capacity 28290K, committed 28544K, reserved 1075200K
  class space    used 3279K, capacity 3401K, committed 3456K, reserved 1048576K
}
Event: 26,944 GC heap before
{Heap before GC invocations=13 (full 2):
 PSYoungGen      total 265728K, used 23650K [0x00000000d6f00000, 0x00000000ec480000, 0x0000000100000000)
  eden space 238080K, 0% used [0x00000000d6f00000,0x00000000d6f00000,0x00000000e5780000)
  from space 27648K, 85% used [0x00000000e5780000,0x00000000e6e98a88,0x00000000e7280000)
  to   space 30208K, 0% used [0x00000000ea700000,0x00000000ea700000,0x00000000ec480000)
 ParOldGen       total 91648K, used 91044K [0x0000000084c00000, 0x000000008a580000, 0x00000000d6f00000)
  object space 91648K, 99% used [0x0000000084c00000,0x000000008a4e9130,0x000000008a580000)
 Metaspace       used 27942K, capacity 28290K, committed 28544K, reserved 1075200K
  class space    used 3279K, capacity 3401K, committed 3456K, reserved 1048576K
Event: 27,057 GC heap after
Heap after GC invocations=13 (full 2):
 PSYoungGen      total 265728K, used 0K [0x00000000d6f00000, 0x00000000ec480000, 0x0000000100000000)
  eden space 238080K, 0% used [0x00000000d6f00000,0x00000000d6f00000,0x00000000e5780000)
  from space 27648K, 0% used [0x00000000e5780000,0x00000000e5780000,0x00000000e7280000)
  to   space 30208K, 0% used [0x00000000ea700000,0x00000000ea700000,0x00000000ec480000)
 ParOldGen       total 166912K, used 68992K [0x0000000084c00000, 0x000000008ef00000, 0x00000000d6f00000)
  object space 166912K, 41% used [0x0000000084c00000,0x0000000088f601b8,0x000000008ef00000)
 Metaspace       used 27942K, capacity 28290K, committed 28544K, reserved 1075200K
  class space    used 3279K, capacity 3401K, committed 3456K, reserved 1048576K
}

