# JRE version: Java(TM) SE Runtime Environment (8.0_161-b12) (build 1.8.0_161-b12)
# Java VM: Java HotSpot(TM) 64-Bit Server VM (25.161-b12 mixed mode linux-amd64 compressed oops)
Heap:
 PSYoungGen      total 416256K, used 239560K [0x00000000d6f00000, 0x00000000f3b80000, 0x0000000100000000)
  eden space 381440K, 54% used [0x00000000d6f00000,0x00000000e3a974a8,0x00000000ee380000)
  from space 34816K, 89% used [0x00000000f1980000,0x00000000f37dabb8,0x00000000f3b80000)
  to   space 45056K, 0% used [0x00000000ee380000,0x00000000ee380000,0x00000000f0f80000)
 ParOldGen       total 84480K, used 51742K [0x0000000084c00000, 0x0000000089e80000, 0x00000000d6f00000)
  object space 84480K, 61% used [0x0000000084c00000,0x0000000087e87918,0x0000000089e80000)
 Metaspace       used 27977K, capacity 28302K, committed 28544K, reserved 1075200K
  class space    used 3271K, capacity 3401K, committed 3456K, reserved 1048576K
GC Heap History (10 events):
Event: 4,534 GC heap before
{Heap before GC invocations=5 (full 0):
 PSYoungGen      total 132096K, used 132064K [0x00000000d6f00000, 0x00000000df500000, 0x0000000100000000)
  eden space 126976K, 100% used [0x00000000d6f00000,0x00000000deb00000,0x00000000deb00000)
  from space 5120K, 99% used [0x00000000df000000,0x00000000df4f8040,0x00000000df500000)
  to   space 5120K, 0% used [0x00000000deb00000,0x00000000deb00000,0x00000000df000000)
 ParOldGen       total 84992K, used 11023K [0x0000000084c00000, 0x0000000089f00000, 0x00000000d6f00000)
  object space 84992K, 12% used [0x0000000084c00000,0x00000000856c3e30,0x0000000089f00000)
 Metaspace       used 17973K, capacity 18152K, committed 18304K, reserved 1064960K
  class space    used 2071K, capacity 2102K, committed 2176K, reserved 1048576K
Event: 4,572 GC heap after
Heap after GC invocations=5 (full 0):
 PSYoungGen      total 132096K, used 5107K [0x00000000d6f00000, 0x00000000e9600000, 0x0000000100000000)
  eden space 126976K, 0% used [0x00000000d6f00000,0x00000000d6f00000,0x00000000deb00000)
  from space 5120K, 99% used [0x00000000deb00000,0x00000000deffcfc8,0x00000000df000000)
  to   space 24064K, 0% used [0x00000000e7e80000,0x00000000e7e80000,0x00000000e9600000)
 ParOldGen       total 84992K, used 31996K [0x0000000084c00000, 0x0000000089f00000, 0x00000000d6f00000)
  object space 84992K, 37% used [0x0000000084c00000,0x0000000086b3f028,0x0000000089f00000)
 Metaspace       used 17973K, capacity 18152K, committed 18304K, reserved 1064960K
  class space    used 2071K, capacity 2102K, committed 2176K, reserved 1048576K
}
Event: 5,008 GC heap before
{Heap before GC invocations=6 (full 0):
 PSYoungGen      total 132096K, used 53327K [0x00000000d6f00000, 0x00000000e9600000, 0x0000000100000000)
  eden space 126976K, 37% used [0x00000000d6f00000,0x00000000d9e17010,0x00000000deb00000)
  from space 5120K, 99% used [0x00000000deb00000,0x00000000deffcfc8,0x00000000df000000)
  to   space 24064K, 0% used [0x00000000e7e80000,0x00000000e7e80000,0x00000000e9600000)
 ParOldGen       total 84992K, used 31996K [0x0000000084c00000, 0x0000000089f00000, 0x00000000d6f00000)
  object space 84992K, 37% used [0x0000000084c00000,0x0000000086b3f028,0x0000000089f00000)
 Metaspace       used 20926K, capacity 21122K, committed 21248K, reserved 1069056K
  class space    used 2425K, capacity 2515K, committed 2560K, reserved 1048576K
Event: 5,023 GC heap after
Heap after GC invocations=6 (full 0):
 PSYoungGen      total 274944K, used 8664K [0x00000000d6f00000, 0x00000000e9300000, 0x0000000100000000)
  eden space 253952K, 0% used [0x00000000d6f00000,0x00000000d6f00000,0x00000000e6700000)
  from space 20992K, 41% used [0x00000000e7e80000,0x00000000e86f63d0,0x00000000e9300000)
  to   space 22528K, 0% used [0x00000000e6700000,0x00000000e6700000,0x00000000e7d00000)
 ParOldGen       total 84992K, used 32004K [0x0000000084c00000, 0x0000000089f00000, 0x00000000d6f00000)
  object space 84992K, 37% used [0x0000000084c00000,0x0000000086b41028,0x0000000089f00000)
 Metaspace       used 20926K, capacity 21122K, committed 21248K, reserved 1069056K
  class space    used 2425K, capacity 2515K, committed 2560K, reserved 1048576K
}
Event: 5,023 GC heap before
{Heap before GC invocations=7 (full 1):
 PSYoungGen      total 274944K, used 8664K [0x00000000d6f00000, 0x00000000e9300000, 0x0000000100000000)
  eden space 253952K, 0% used [0x00000000d6f00000,0x00000000d6f00000,0x00000000e6700000)
  from space 20992K, 41% used [0x00000000e7e80000,0x00000000e86f63d0,0x00000000e9300000)
  to   space 22528K, 0% used [0x00000000e6700000,0x00000000e6700000,0x00000000e7d00000)
 ParOldGen       total 84992K, used 32004K [0x0000000084c00000, 0x0000000089f00000, 0x00000000d6f00000)
  object space 84992K, 37% used [0x0000000084c00000,0x0000000086b41028,0x0000000089f00000)
 Metaspace       used 20926K, capacity 21122K, committed 21248K, reserved 1069056K
  class space    used 2425K, capacity 2515K, committed 2560K, reserved 1048576K
Event: 5,108 GC heap after
Heap after GC invocations=7 (full 1):
 PSYoungGen      total 274944K, used 0K [0x00000000d6f00000, 0x00000000e9300000, 0x0000000100000000)
  eden space 253952K, 0% used [0x00000000d6f00000,0x00000000d6f00000,0x00000000e6700000)
  from space 20992K, 0% used [0x00000000e7e80000,0x00000000e7e80000,0x00000000e9300000)
  to   space 22528K, 0% used [0x00000000e6700000,0x00000000e6700000,0x00000000e7d00000)
 ParOldGen       total 84480K, used 22295K [0x0000000084c00000, 0x0000000089e80000, 0x00000000d6f00000)
  object space 84480K, 26% used [0x0000000084c00000,0x00000000861c5e88,0x0000000089e80000)
 Metaspace       used 20926K, capacity 21122K, committed 21248K, reserved 1069056K
  class space    used 2425K, capacity 2515K, committed 2560K, reserved 1048576K
}
Event: 14,187 GC heap before
{Heap before GC invocations=8 (full 1):
 PSYoungGen      total 274944K, used 250887K [0x00000000d6f00000, 0x00000000e9300000, 0x0000000100000000)
  eden space 253952K, 98% used [0x00000000d6f00000,0x00000000e6401c10,0x00000000e6700000)
  from space 20992K, 0% used [0x00000000e7e80000,0x00000000e7e80000,0x00000000e9300000)
  to   space 22528K, 0% used [0x00000000e6700000,0x00000000e6700000,0x00000000e7d00000)
 ParOldGen       total 84480K, used 22295K [0x0000000084c00000, 0x0000000089e80000, 0x00000000d6f00000)
  object space 84480K, 26% used [0x0000000084c00000,0x00000000861c5e88,0x0000000089e80000)
 Metaspace       used 27373K, capacity 27730K, committed 28032K, reserved 1073152K
  class space    used 3240K, capacity 3365K, committed 3456K, reserved 1048576K
Event: 14,219 GC heap after
Heap after GC invocations=8 (full 1):
 PSYoungGen      total 276480K, used 22504K [0x00000000d6f00000, 0x00000000f4200000, 0x0000000100000000)
  eden space 253952K, 0% used [0x00000000d6f00000,0x00000000d6f00000,0x00000000e6700000)
  from space 22528K, 99% used [0x00000000e6700000,0x00000000e7cfa050,0x00000000e7d00000)
  to   space 41472K, 0% used [0x00000000f1980000,0x00000000f1980000,0x00000000f4200000)
 ParOldGen       total 84480K, used 51734K [0x0000000084c00000, 0x0000000089e80000, 0x00000000d6f00000)
  object space 84480K, 61% used [0x0000000084c00000,0x0000000087e85918,0x0000000089e80000)
 Metaspace       used 27373K, capacity 27730K, committed 28032K, reserved 1073152K
  class space    used 3240K, capacity 3365K, committed 3456K, reserved 1048576K
}
Event: 19,655 GC heap before
{Heap before GC invocations=9 (full 1):
 PSYoungGen      total 276480K, used 274900K [0x00000000d6f00000, 0x00000000f4200000, 0x0000000100000000)
  eden space 253952K, 99% used [0x00000000d6f00000,0x00000000e657b290,0x00000000e6700000)
  from space 22528K, 99% used [0x00000000e6700000,0x00000000e7cfa050,0x00000000e7d00000)
  to   space 41472K, 0% used [0x00000000f1980000,0x00000000f1980000,0x00000000f4200000)
 ParOldGen       total 84480K, used 51734K [0x0000000084c00000, 0x0000000089e80000, 0x00000000d6f00000)
  object space 84480K, 61% used [0x0000000084c00000,0x0000000087e85918,0x0000000089e80000)
 Metaspace       used 27779K, capacity 28138K, committed 28288K, reserved 1075200K
  class space    used 3259K, capacity 3369K, committed 3456K, reserved 1048576K
Event: 19,680 GC heap after
Heap after GC invocations=9 (full 1):
 PSYoungGen      total 416256K, used 31082K [0x00000000d6f00000, 0x00000000f3b80000, 0x0000000100000000)
  eden space 381440K, 0% used [0x00000000d6f00000,0x00000000d6f00000,0x00000000ee380000)
  from space 34816K, 89% used [0x00000000f1980000,0x00000000f37dabb8,0x00000000f3b80000)
  to   space 45056K, 0% used [0x00000000ee380000,0x00000000ee380000,0x00000000f0f80000)
 ParOldGen       total 84480K, used 51742K [0x0000000084c00000, 0x0000000089e80000, 0x00000000d6f00000)
  object space 84480K, 61% used [0x0000000084c00000,0x0000000087e87918,0x0000000089e80000)
 Metaspace       used 27779K, capacity 28138K, committed 28288K, reserved 1075200K
  class space    used 3259K, capacity 3369K, committed 3456K, reserved 1048576K
}

