# JRE version: Java(TM) SE Runtime Environment (8.0_161-b12) (build 1.8.0_161-b12)
# Java VM: Java HotSpot(TM) 64-Bit Server VM (25.161-b12 mixed mode linux-amd64 compressed oops)
Heap:
 PSYoungGen      total 305152K, used 241066K [0x00000000d6f00000, 0x00000000ee200000, 0x0000000100000000)
  eden space 269312K, 80% used [0x00000000d6f00000,0x00000000e42fc8d0,0x00000000e7600000)
  from space 35840K, 66% used [0x00000000e7600000,0x00000000e8d6e060,0x00000000e9900000)
  to   space 36864K, 0% used [0x00000000ebe00000,0x00000000ebe00000,0x00000000ee200000)
 ParOldGen       total 76288K, used 56684K [0x0000000084c00000, 0x0000000089680000, 0x00000000d6f00000)
  object space 76288K, 74% used [0x0000000084c00000,0x000000008835b288,0x0000000089680000)
 Metaspace       used 28836K, capacity 29198K, committed 29312K, reserved 1075200K
  class space    used 3270K, capacity 3401K, committed 3456K, reserved 1048576K
GC Heap History (10 events):
Event: 14,370 GC heap before
{Heap before GC invocations=10 (full 1):
 PSYoungGen      total 195072K, used 187304K [0x00000000d6f00000, 0x00000000e7d80000, 0x0000000100000000)
  eden space 186368K, 95% used [0x00000000d6f00000,0x00000000e1d6c9d0,0x00000000e2500000)
  from space 8704K, 99% used [0x00000000e7500000,0x00000000e7d7d8a8,0x00000000e7d80000)
  to   space 15360K, 0% used [0x00000000e5f80000,0x00000000e5f80000,0x00000000e6e80000)
 ParOldGen       total 76288K, used 23061K [0x0000000084c00000, 0x0000000089680000, 0x00000000d6f00000)
  object space 76288K, 30% used [0x0000000084c00000,0x0000000086285540,0x0000000089680000)
 Metaspace       used 27386K, capacity 27730K, committed 28032K, reserved 1073152K
  class space    used 3240K, capacity 3365K, committed 3456K, reserved 1048576K
Event: 14,419 GC heap after
Heap after GC invocations=10 (full 1):
 PSYoungGen      total 249856K, used 15332K [0x00000000d6f00000, 0x00000000e9000000, 0x0000000100000000)
  eden space 234496K, 0% used [0x00000000d6f00000,0x00000000d6f00000,0x00000000e5400000)
  from space 15360K, 99% used [0x00000000e5f80000,0x00000000e6e79040,0x00000000e6e80000)
  to   space 30720K, 0% used [0x00000000e7200000,0x00000000e7200000,0x00000000e9000000)
 ParOldGen       total 76288K, used 56652K [0x0000000084c00000, 0x0000000089680000, 0x00000000d6f00000)
  object space 76288K, 74% used [0x0000000084c00000,0x0000000088353288,0x0000000089680000)
 Metaspace       used 27386K, capacity 27730K, committed 28032K, reserved 1073152K
  class space    used 3240K, capacity 3365K, committed 3456K, reserved 1048576K
}
Event: 18,825 GC heap before
{Heap before GC invocations=11 (full 1):
 PSYoungGen      total 249856K, used 249464K [0x00000000d6f00000, 0x00000000e9000000, 0x0000000100000000)
  eden space 234496K, 99% used [0x00000000d6f00000,0x00000000e53a53b8,0x00000000e5400000)
  from space 15360K, 99% used [0x00000000e5f80000,0x00000000e6e79040,0x00000000e6e80000)
  to   space 30720K, 0% used [0x00000000e7200000,0x00000000e7200000,0x00000000e9000000)
 ParOldGen       total 76288K, used 56652K [0x0000000084c00000, 0x0000000089680000, 0x00000000d6f00000)
  object space 76288K, 74% used [0x0000000084c00000,0x0000000088353288,0x0000000089680000)
 Metaspace       used 27752K, capacity 28074K, committed 28288K, reserved 1075200K
  class space    used 3259K, capacity 3369K, committed 3456K, reserved 1048576K
Event: 18,839 GC heap after
Heap after GC invocations=11 (full 1):
 PSYoungGen      total 262656K, used 23986K [0x00000000d6f00000, 0x00000000ec800000, 0x0000000100000000)
  eden space 231936K, 0% used [0x00000000d6f00000,0x00000000d6f00000,0x00000000e5180000)
  from space 30720K, 78% used [0x00000000e7200000,0x00000000e896ca20,0x00000000e9000000)
  to   space 33280K, 0% used [0x00000000e5180000,0x00000000e5180000,0x00000000e7200000)
 ParOldGen       total 76288K, used 56660K [0x0000000084c00000, 0x0000000089680000, 0x00000000d6f00000)
  object space 76288K, 74% used [0x0000000084c00000,0x0000000088355288,0x0000000089680000)
 Metaspace       used 27752K, capacity 28074K, committed 28288K, reserved 1075200K
  class space    used 3259K, capacity 3369K, committed 3456K, reserved 1048576K
}
Event: 23,485 GC heap before
{Heap before GC invocations=12 (full 1):
 PSYoungGen      total 262656K, used 255922K [0x00000000d6f00000, 0x00000000ec800000, 0x0000000100000000)
  eden space 231936K, 100% used [0x00000000d6f00000,0x00000000e5180000,0x00000000e5180000)
  from space 30720K, 78% used [0x00000000e7200000,0x00000000e896ca20,0x00000000e9000000)
  to   space 33280K, 0% used [0x00000000e5180000,0x00000000e5180000,0x00000000e7200000)
 ParOldGen       total 76288K, used 56660K [0x0000000084c00000, 0x0000000089680000, 0x00000000d6f00000)
  object space 76288K, 74% used [0x0000000084c00000,0x0000000088355288,0x0000000089680000)
 Metaspace       used 28189K, capacity 28590K, committed 28800K, reserved 1075200K
  class space    used 3259K, capacity 3369K, committed 3456K, reserved 1048576K
Event: 23,498 GC heap after
Heap after GC invocations=12 (full 1):
 PSYoungGen      total 265216K, used 24024K [0x00000000d6f00000, 0x00000000ec080000, 0x0000000100000000)
  eden space 231936K, 0% used [0x00000000d6f00000,0x00000000d6f00000,0x00000000e5180000)
  from space 33280K, 72% used [0x00000000e5180000,0x00000000e68f6060,0x00000000e7200000)
  to   space 34816K, 0% used [0x00000000e9e80000,0x00000000e9e80000,0x00000000ec080000)
 ParOldGen       total 76288K, used 56668K [0x0000000084c00000, 0x0000000089680000, 0x00000000d6f00000)
  object space 76288K, 74% used [0x0000000084c00000,0x0000000088357288,0x0000000089680000)
 Metaspace       used 28189K, capacity 28590K, committed 28800K, reserved 1075200K
  class space    used 3259K, capacity 3369K, committed 3456K, reserved 1048576K
}
Event: 27,916 GC heap before
{Heap before GC invocations=13 (full 1):
 PSYoungGen      total 265216K, used 251904K [0x00000000d6f00000, 0x00000000ec080000, 0x0000000100000000)
  eden space 231936K, 98% used [0x00000000d6f00000,0x00000000e4d8a1a8,0x00000000e5180000)
  from space 33280K, 72% used [0x00000000e5180000,0x00000000e68f6060,0x00000000e7200000)
  to   space 34816K, 0% used [0x00000000e9e80000,0x00000000e9e80000,0x00000000ec080000)
 ParOldGen       total 76288K, used 56668K [0x0000000084c00000, 0x0000000089680000, 0x00000000d6f00000)
  object space 76288K, 74% used [0x0000000084c00000,0x0000000088357288,0x0000000089680000)
 Metaspace       used 28513K, capacity 28846K, committed 29056K, reserved 1075200K
  class space    used 3260K, capacity 3369K, committed 3456K, reserved 1048576K
Event: 27,928 GC heap after
Heap after GC invocations=13 (full 1):
 PSYoungGen      total 299520K, used 23928K [0x00000000d6f00000, 0x00000000ebc00000, 0x0000000100000000)
  eden space 269312K, 0% used [0x00000000d6f00000,0x00000000d6f00000,0x00000000e7600000)
  from space 30208K, 79% used [0x00000000e9e80000,0x00000000eb5de060,0x00000000ebc00000)
  to   space 35840K, 0% used [0x00000000e7600000,0x00000000e7600000,0x00000000e9900000)
 ParOldGen       total 76288K, used 56676K [0x0000000084c00000, 0x0000000089680000, 0x00000000d6f00000)
  object space 76288K, 74% used [0x0000000084c00000,0x0000000088359288,0x0000000089680000)
 Metaspace       used 28513K, capacity 28846K, committed 29056K, reserved 1075200K
  class space    used 3260K, capacity 3369K, committed 3456K, reserved 1048576K
}
Event: 32,827 GC heap before
{Heap before GC invocations=14 (full 1):
 PSYoungGen      total 299520K, used 287200K [0x00000000d6f00000, 0x00000000ebc00000, 0x0000000100000000)
  eden space 269312K, 97% used [0x00000000d6f00000,0x00000000e701a100,0x00000000e7600000)
  from space 30208K, 79% used [0x00000000e9e80000,0x00000000eb5de060,0x00000000ebc00000)
  to   space 35840K, 0% used [0x00000000e7600000,0x00000000e7600000,0x00000000e9900000)
 ParOldGen       total 76288K, used 56676K [0x0000000084c00000, 0x0000000089680000, 0x00000000d6f00000)
  object space 76288K, 74% used [0x0000000084c00000,0x0000000088359288,0x0000000089680000)
 Metaspace       used 28738K, capacity 29102K, committed 29312K, reserved 1075200K
  class space    used 3260K, capacity 3369K, committed 3456K, reserved 1048576K
Event: 32,838 GC heap after
Heap after GC invocations=14 (full 1):
 PSYoungGen      total 305152K, used 23992K [0x00000000d6f00000, 0x00000000ee200000, 0x0000000100000000)
  eden space 269312K, 0% used [0x00000000d6f00000,0x00000000d6f00000,0x00000000e7600000)
  from space 35840K, 66% used [0x00000000e7600000,0x00000000e8d6e060,0x00000000e9900000)
  to   space 36864K, 0% used [0x00000000ebe00000,0x00000000ebe00000,0x00000000ee200000)
 ParOldGen       total 76288K, used 56684K [0x0000000084c00000, 0x0000000089680000, 0x00000000d6f00000)
  object space 76288K, 74% used [0x0000000084c00000,0x000000008835b288,0x0000000089680000)
 Metaspace       used 28738K, capacity 29102K, committed 29312K, reserved 1075200K
  class space    used 3260K, capacity 3369K, committed 3456K, reserved 1048576K
}

