# JRE version: Java(TM) SE Runtime Environment (8.0_161-b12) (build 1.8.0_161-b12)
# Java VM: Java HotSpot(TM) 64-Bit Server VM (25.161-b12 mixed mode linux-amd64 compressed oops)
Heap:
 PSYoungGen      total 365568K, used 118939K [0x00000000d6f00000, 0x00000000efb80000, 0x0000000100000000)
  eden space 331264K, 28% used [0x00000000d6f00000,0x00000000dca93e40,0x00000000eb280000)
  from space 34304K, 73% used [0x00000000eda00000,0x00000000ef293040,0x00000000efb80000)
  to   space 37376K, 0% used [0x00000000eb280000,0x00000000eb280000,0x00000000ed700000)
 ParOldGen       total 77312K, used 56869K [0x0000000084c00000, 0x0000000089780000, 0x00000000d6f00000)
  object space 77312K, 73% used [0x0000000084c00000,0x0000000088389450,0x0000000089780000)
 Metaspace       used 28254K, capacity 28590K, committed 28800K, reserved 1075200K
  class space    used 3266K, capacity 3369K, committed 3456K, reserved 1048576K
GC Heap History (10 events):
Event: 26,295 GC heap before
{Heap before GC invocations=13 (full 1):
 PSYoungGen      total 263168K, used 256519K [0x00000000d6f00000, 0x00000000ebd00000, 0x0000000100000000)
  eden space 236032K, 98% used [0x00000000d6f00000,0x00000000e5156cf0,0x00000000e5580000)
  from space 27136K, 91% used [0x00000000e5580000,0x00000000e6dab040,0x00000000e7000000)
  to   space 30208K, 0% used [0x00000000e9f80000,0x00000000e9f80000,0x00000000ebd00000)
 ParOldGen       total 77312K, used 56829K [0x0000000084c00000, 0x0000000089780000, 0x00000000d6f00000)
  object space 77312K, 73% used [0x0000000084c00000,0x000000008837f450,0x0000000089780000)
 Metaspace       used 27554K, capacity 27926K, committed 28288K, reserved 1075200K
  class space    used 3240K, capacity 3365K, committed 3456K, reserved 1048576K
Event: 26,303 GC heap after
Heap after GC invocations=13 (full 1):
 PSYoungGen      total 302592K, used 24716K [0x00000000d6f00000, 0x00000000ebb00000, 0x0000000100000000)
  eden space 274432K, 0% used [0x00000000d6f00000,0x00000000d6f00000,0x00000000e7b00000)
  from space 28160K, 87% used [0x00000000e9f80000,0x00000000eb7a3040,0x00000000ebb00000)
  to   space 32768K, 0% used [0x00000000e7b00000,0x00000000e7b00000,0x00000000e9b00000)
 ParOldGen       total 77312K, used 56837K [0x0000000084c00000, 0x0000000089780000, 0x00000000d6f00000)
  object space 77312K, 73% used [0x0000000084c00000,0x0000000088381450,0x0000000089780000)
 Metaspace       used 27554K, capacity 27926K, committed 28288K, reserved 1075200K
  class space    used 3240K, capacity 3365K, committed 3456K, reserved 1048576K
}
Event: 31,214 GC heap before
{Heap before GC invocations=14 (full 1):
 PSYoungGen      total 302592K, used 293024K [0x00000000d6f00000, 0x00000000ebb00000, 0x0000000100000000)
  eden space 274432K, 97% used [0x00000000d6f00000,0x00000000e7505268,0x00000000e7b00000)
  from space 28160K, 87% used [0x00000000e9f80000,0x00000000eb7a3040,0x00000000ebb00000)
  to   space 32768K, 0% used [0x00000000e7b00000,0x00000000e7b00000,0x00000000e9b00000)
 ParOldGen       total 77312K, used 56837K [0x0000000084c00000, 0x0000000089780000, 0x00000000d6f00000)
  object space 77312K, 73% used [0x0000000084c00000,0x0000000088381450,0x0000000089780000)
 Metaspace       used 27822K, capacity 28142K, committed 28544K, reserved 1075200K
  class space    used 3254K, capacity 3369K, committed 3456K, reserved 1048576K
Event: 31,226 GC heap after
Heap after GC invocations=14 (full 1):
 PSYoungGen      total 307200K, used 8992K [0x00000000d6f00000, 0x00000000ede00000, 0x0000000100000000)
  eden space 274432K, 0% used [0x00000000d6f00000,0x00000000d6f00000,0x00000000e7b00000)
  from space 32768K, 27% used [0x00000000e7b00000,0x00000000e83c8310,0x00000000e9b00000)
  to   space 31744K, 0% used [0x00000000ebf00000,0x00000000ebf00000,0x00000000ede00000)
 ParOldGen       total 77312K, used 56845K [0x0000000084c00000, 0x0000000089780000, 0x00000000d6f00000)
  object space 77312K, 73% used [0x0000000084c00000,0x0000000088383450,0x0000000089780000)
 Metaspace       used 27822K, capacity 28142K, committed 28544K, reserved 1075200K
  class space    used 3254K, capacity 3369K, committed 3456K, reserved 1048576K
}
Event: 36,518 GC heap before
{Heap before GC invocations=15 (full 1):
 PSYoungGen      total 307200K, used 281351K [0x00000000d6f00000, 0x00000000ede00000, 0x0000000100000000)
  eden space 274432K, 99% used [0x00000000d6f00000,0x00000000e78f99c0,0x00000000e7b00000)
  from space 32768K, 27% used [0x00000000e7b00000,0x00000000e83c8310,0x00000000e9b00000)
  to   space 31744K, 0% used [0x00000000ebf00000,0x00000000ebf00000,0x00000000ede00000)
 ParOldGen       total 77312K, used 56845K [0x0000000084c00000, 0x0000000089780000, 0x00000000d6f00000)
  object space 77312K, 73% used [0x0000000084c00000,0x0000000088383450,0x0000000089780000)
 Metaspace       used 28075K, capacity 28398K, committed 28800K, reserved 1075200K
  class space    used 3256K, capacity 3369K, committed 3456K, reserved 1048576K
Event: 36,527 GC heap after
Heap after GC invocations=15 (full 1):
 PSYoungGen      total 336896K, used 25150K [0x00000000d6f00000, 0x00000000edd00000, 0x0000000100000000)
  eden space 306176K, 0% used [0x00000000d6f00000,0x00000000d6f00000,0x00000000e9a00000)
  from space 30720K, 81% used [0x00000000ebf00000,0x00000000ed78f820,0x00000000edd00000)
  to   space 34304K, 0% used [0x00000000e9a00000,0x00000000e9a00000,0x00000000ebb80000)
 ParOldGen       total 77312K, used 56853K [0x0000000084c00000, 0x0000000089780000, 0x00000000d6f00000)
  object space 77312K, 73% used [0x0000000084c00000,0x0000000088385450,0x0000000089780000)
 Metaspace       used 28075K, capacity 28398K, committed 28800K, reserved 1075200K
  class space    used 3256K, capacity 3369K, committed 3456K, reserved 1048576K
}
Event: 41,950 GC heap before
{Heap before GC invocations=16 (full 1):
 PSYoungGen      total 336896K, used 324659K [0x00000000d6f00000, 0x00000000edd00000, 0x0000000100000000)
  eden space 306176K, 97% used [0x00000000d6f00000,0x00000000e937d7b0,0x00000000e9a00000)
  from space 30720K, 81% used [0x00000000ebf00000,0x00000000ed78f820,0x00000000edd00000)
  to   space 34304K, 0% used [0x00000000e9a00000,0x00000000e9a00000,0x00000000ebb80000)
 ParOldGen       total 77312K, used 56853K [0x0000000084c00000, 0x0000000089780000, 0x00000000d6f00000)
  object space 77312K, 73% used [0x0000000084c00000,0x0000000088385450,0x0000000089780000)
 Metaspace       used 28100K, capacity 28398K, committed 28800K, reserved 1075200K
  class space    used 3256K, capacity 3369K, committed 3456K, reserved 1048576K
Event: 41,960 GC heap after
Heap after GC invocations=16 (full 1):
 PSYoungGen      total 340480K, used 25132K [0x00000000d6f00000, 0x00000000efd00000, 0x0000000100000000)
  eden space 306176K, 0% used [0x00000000d6f00000,0x00000000d6f00000,0x00000000e9a00000)
  from space 34304K, 73% used [0x00000000e9a00000,0x00000000eb28b040,0x00000000ebb80000)
  to   space 35840K, 0% used [0x00000000eda00000,0x00000000eda00000,0x00000000efd00000)
 ParOldGen       total 77312K, used 56861K [0x0000000084c00000, 0x0000000089780000, 0x00000000d6f00000)
  object space 77312K, 73% used [0x0000000084c00000,0x0000000088387450,0x0000000089780000)
 Metaspace       used 28100K, capacity 28398K, committed 28800K, reserved 1075200K
  class space    used 3256K, capacity 3369K, committed 3456K, reserved 1048576K
}
Event: 47,434 GC heap before
{Heap before GC invocations=17 (full 1):
 PSYoungGen      total 340480K, used 325214K [0x00000000d6f00000, 0x00000000efd00000, 0x0000000100000000)
  eden space 306176K, 98% used [0x00000000d6f00000,0x00000000e940cba0,0x00000000e9a00000)
  from space 34304K, 73% used [0x00000000e9a00000,0x00000000eb28b040,0x00000000ebb80000)
  to   space 35840K, 0% used [0x00000000eda00000,0x00000000eda00000,0x00000000efd00000)
 ParOldGen       total 77312K, used 56861K [0x0000000084c00000, 0x0000000089780000, 0x00000000d6f00000)
  object space 77312K, 73% used [0x0000000084c00000,0x0000000088387450,0x0000000089780000)
 Metaspace       used 28183K, capacity 28526K, committed 28800K, reserved 1075200K
  class space    used 3256K, capacity 3369K, committed 3456K, reserved 1048576K
Event: 47,442 GC heap after
Heap after GC invocations=17 (full 1):
 PSYoungGen      total 365568K, used 25164K [0x00000000d6f00000, 0x00000000efb80000, 0x0000000100000000)
  eden space 331264K, 0% used [0x00000000d6f00000,0x00000000d6f00000,0x00000000eb280000)
  from space 34304K, 73% used [0x00000000eda00000,0x00000000ef293040,0x00000000efb80000)
  to   space 37376K, 0% used [0x00000000eb280000,0x00000000eb280000,0x00000000ed700000)
 ParOldGen       total 77312K, used 56869K [0x0000000084c00000, 0x0000000089780000, 0x00000000d6f00000)
  object space 77312K, 73% used [0x0000000084c00000,0x0000000088389450,0x0000000089780000)
 Metaspace       used 28183K, capacity 28526K, committed 28800K, reserved 1075200K
  class space    used 3256K, capacity 3369K, committed 3456K, reserved 1048576K
}

